#
# A fatal error has been detected by the Java Runtime Environment:
#
#  EXCEPTION_ACCESS_VIOLATION (0xc0000005) at pc=0x000000006ee76520, pid=5640, tid=3048
#
# JRE version: Java(TM) SE Runtime Environment (11.0+28) (build 11+28)
# Java VM: Java HotSpot(TM) 64-Bit Server VM (11+28, mixed mode, tiered, compressed oops, g1 gc, windows-amd64)
# Problematic frame:
# C  [xuggle16044845907427218917.dll+0x736520]
#
# No core dump will be written. Minidumps are not enabled by default on client versions of Windows
#
# If you would like to submit a bug report, please visit:
#   http://bugreport.java.com/bugreport/crash.jsp
# The crash happened outside the Java Virtual Machine in native code.
# See problematic frame for where to report the bug.
#

---------------  S U M M A R Y ------------

Command Line: -Dcom.sun.management.jmxremote -Dcom.sun.management.jmxremote.port=51604 -Dcom.sun.management.jmxremote.authenticate=false -Dcom.sun.management.jmxremote.ssl=false -Djava.rmi.server.hostname=localhost -Dspring.liveBeansView.mbeanDomain -Dspring.application.admin.enabled=true -Xverify:none -XX:TieredStopAtLevel=1 -Dfile.encoding=UTF-8 com.nano.videosite.VideositeBackendApplication

Host: Intel(R) Core(TM) i5-3210M CPU @ 2.50GHz, 4 cores, 3G,  Windows 8.1 , 64 bit Build 9600 (6.3.9600.17415)
Time: Thu Mar 14 20:59:35 2019 Korea Standard Time elapsed time: 6 seconds (0d 0h 0m 6s)

---------------  T H R E A D  ---------------

Current thread (0x00000003c5376000):  JavaThread "main" [_thread_in_native, id=3048, stack(0x00000003c4a20000,0x00000003c4b20000)]

Stack: [0x00000003c4a20000,0x00000003c4b20000],  sp=0x00000003c4b1d860,  free space=1014k
Native frames: (J=compiled Java code, j=interpreted, Vv=VM code, C=native code)
C  [xuggle16044845907427218917.dll+0x736520]

Java frames: (J=compiled Java code, j=interpreted, Vv=VM code)
j  com.xuggle.xuggler.XugglerJNI.IContainer_open__SWIG_1(JLcom/xuggle/xuggler/IContainer;Ljava/lang/String;IJLcom/xuggle/xuggler/IContainerFormat;ZZ)I+0
j  com.xuggle.xuggler.IContainer.open(Ljava/lang/String;Lcom/xuggle/xuggler/IContainer$Type;Lcom/xuggle/xuggler/IContainerFormat;ZZ)I+19
j  com.xuggle.mediatool.MediaReader.open()V+20
j  com.xuggle.mediatool.MediaReader.readPacket()Lcom/xuggle/xuggler/IError;+8
j  com.nano.videosite.thumbnails.VideoThumbnails.main(Ljava/lang/Long;Ljava/lang/Long;)V+99
j  com.nano.videosite.VideositeBackendApplication.lambda$0(Lcom/nano/videosite/storage/StorageService;[Ljava/lang/String;)V+204
j  com.nano.videosite.VideositeBackendApplication$$Lambda$753.run([Ljava/lang/String;)V+9
j  org.springframework.boot.SpringApplication.callRunner(Lorg/springframework/boot/CommandLineRunner;Lorg/springframework/boot/ApplicationArguments;)V+7
j  org.springframework.boot.SpringApplication.callRunners(Lorg/springframework/context/ApplicationContext;Lorg/springframework/boot/ApplicationArguments;)V+118
j  org.springframework.boot.SpringApplication.run([Ljava/lang/String;)Lorg/springframework/context/ConfigurableApplicationContext;+168
j  org.springframework.boot.SpringApplication.run([Ljava/lang/Class;[Ljava/lang/String;)Lorg/springframework/context/ConfigurableApplicationContext;+9
j  org.springframework.boot.SpringApplication.run(Ljava/lang/Class;[Ljava/lang/String;)Lorg/springframework/context/ConfigurableApplicationContext;+9
j  com.nano.videosite.VideositeBackendApplication.main([Ljava/lang/String;)V+3
v  ~StubRoutines::call_stub

siginfo: EXCEPTION_ACCESS_VIOLATION (0xc0000005), reading address 0xffffffffffffffff


Register to memory mapping:

RIP=0x000000006ee76520 xuggle16044845907427218917.dll
RAX=0x00000003e3b857d0 points into unknown readable memory
RBX=0x00000003eb763630 points into unknown readable memory
RCX=0x00000003e3b857d0 points into unknown readable memory
RDX=0x0000000000000009 is an unknown value
RSP=0x00000003c4b1d860 is pointing into the stack for thread: 0x00000003c5376000
RBP=0x00000003e3b84f10 points into unknown readable memory
RSI=0x00000003e3b867d0 points into unknown readable memory
RDI=0x0000000000000004 is an unknown value
R8 =0x000000006ee77580 xuggle16044845907427218917.dll
R9 =0x000000006ee76490 xuggle16044845907427218917.dll
R10=0x00000003e3b88560 points into unknown readable memory
R11=0x00000003e3b7bdd0 points into unknown readable memory
R12=0x00000003e3b7c5d0 points into unknown readable memory
R13=0x0000000000000004 is an unknown value
R14=0x0000000000000184 is an unknown value
R15=0x000000006fab8f20 xuggle16044845907427218917.dll


Registers:
RAX=0x00000003e3b857d0, RBX=0x00000003eb763630, RCX=0x00000003e3b857d0, RDX=0x0000000000000009
RSP=0x00000003c4b1d860, RBP=0x00000003e3b84f10, RSI=0x00000003e3b867d0, RDI=0x0000000000000004
R8 =0x000000006ee77580, R9 =0x000000006ee76490, R10=0x00000003e3b88560, R11=0x00000003e3b7bdd0
R12=0x00000003e3b7c5d0, R13=0x0000000000000004, R14=0x0000000000000184, R15=0x000000006fab8f20
RIP=0x000000006ee76520, EFLAGS=0x0000000000010202

Top of Stack: (sp=0x00000003c4b1d860)
0x00000003c4b1d860:   000000006ee76665 000000006ee774c5
0x00000003c4b1d870:   000000006ee77505 000000006ee77545
0x00000003c4b1d880:   000000006ee77585 000000006ee79426
0x00000003c4b1d890:   000000006fab8f20 00000003e3b857d0
0x00000003c4b1d8a0:   00000003eb765af0 00000003cd010a90
0x00000003c4b1d8b0:   3fe0000000000000 0000000000000000
0x00000003c4b1d8c0:   40c7760000000000 0000000000000000
0x00000003c4b1d8d0:   3fe0000000000000 0000000000000001
0x00000003c4b1d8e0:   00000003eb766af0 000000006ea45d24
0x00000003c4b1d8f0:   3f40624dd2f1a9fc 0000000000000000
0x00000003c4b1d900:   0000000000000000 0000000000000000
0x00000003c4b1d910:   0000000000000000 0000000000000000
0x00000003c4b1d920:   00000003eb76f9f0 000000006fab7320
0x00000003c4b1d930:   0000000002000002 00000003eb763590
0x00000003c4b1d940:   0000000000000001 00000003e3b84f10
0x00000003c4b1d950:   00000003e3b84f90 0000000000000000 

Instructions: (pc=0x000000006ee76520)
0x000000006ee76500:   c4 e3 5d 0c c0 55 c5 e4 5c c8 c5 e4 58 c0 c5 fc
0x000000006ee76510:   29 01 c5 fc 29 49 20 c3 0f 1f 84 00 00 00 00 00
0x000000006ee76520:   c5 fc 28 51 40 c5 fc 28 59 60 c5 ec 5c fb c5 ec
0x000000006ee76530:   58 d3 c5 c4 57 3d 26 41 84 00 c5 ec c6 df be c5 



---------------  P R O C E S S  ---------------

Threads class SMR info:
_java_thread_list=0x00000003e8acad00, length=33, elements={
0x00000003c5376000, 0x00000003e15b0800, 0x00000003e15ba000, 0x00000003e15dd800,
0x00000003e15e0000, 0x00000003e15e2800, 0x00000003e15e8800, 0x00000003e23bb800,
0x00000003e2457000, 0x00000003e2fba800, 0x00000003e2fb3000, 0x00000003e302a800,
0x00000003e2f94800, 0x00000003e308c000, 0x00000003e5ad1000, 0x00000003e5adf800,
0x00000003e5ae0000, 0x00000003e5b49000, 0x00000003e5bfb800, 0x00000003e5389800,
0x00000003e5388000, 0x00000003e5389000, 0x00000003e5387000, 0x00000003e538b800,
0x00000003e538c000, 0x00000003e538d000, 0x00000003e538a800, 0x00000003e538e000,
0x00000003e30bf800, 0x00000003e30c1000, 0x00000003e30c0000, 0x00000003e30c2800,
0x00000003e30c4000
}

Java Threads: ( => current thread )
=>0x00000003c5376000 JavaThread "main" [_thread_in_native, id=3048, stack(0x00000003c4a20000,0x00000003c4b20000)]
  0x00000003e15b0800 JavaThread "Reference Handler" daemon [_thread_blocked, id=2908, stack(0x00000003e1f10000,0x00000003e2010000)]
  0x00000003e15ba000 JavaThread "Finalizer" daemon [_thread_blocked, id=4224, stack(0x00000003e2010000,0x00000003e2110000)]
  0x00000003e15dd800 JavaThread "Signal Dispatcher" daemon [_thread_blocked, id=1360, stack(0x00000003e2670000,0x00000003e2770000)]
  0x00000003e15e0000 JavaThread "Attach Listener" daemon [_thread_blocked, id=2068, stack(0x00000003e2770000,0x00000003e2870000)]
  0x00000003e15e2800 JavaThread "C1 CompilerThread0" daemon [_thread_blocked, id=5352, stack(0x00000003e2870000,0x00000003e2970000)]
  0x00000003e15e8800 JavaThread "Sweeper thread" daemon [_thread_blocked, id=5488, stack(0x00000003e2970000,0x00000003e2a70000)]
  0x00000003e23bb800 JavaThread "Common-Cleaner" daemon [_thread_blocked, id=3692, stack(0x00000003e2a70000,0x00000003e2b70000)]
  0x00000003e2457000 JavaThread "Service Thread" daemon [_thread_blocked, id=4876, stack(0x00000003e2b70000,0x00000003e2c70000)]
  0x00000003e2fba800 JavaThread "RMI TCP Accept-0" daemon [_thread_in_native, id=5600, stack(0x00000003e3950000,0x00000003e3a50000)]
  0x00000003e2fb3000 JavaThread "RMI TCP Accept-51604" daemon [_thread_in_native, id=4536, stack(0x00000003e3a50000,0x00000003e3b50000)]
  0x00000003e302a800 JavaThread "RMI TCP Accept-0" daemon [_thread_in_native, id=5696, stack(0x00000003e3e50000,0x00000003e3f50000)]
  0x00000003e2f94800 JavaThread "C1 CompilerThread1" daemon [_thread_blocked, id=5272, stack(0x00000003e4650000,0x00000003e4750000)]
  0x00000003e308c000 JavaThread "C1 CompilerThread2" daemon [_thread_blocked, id=5172, stack(0x00000003e4750000,0x00000003e4850000)]
  0x00000003e5ad1000 JavaThread "Catalina-utility-1" [_thread_blocked, id=1628, stack(0x00000003e4a50000,0x00000003e4b50000)]
  0x00000003e5adf800 JavaThread "Catalina-utility-2" [_thread_blocked, id=4580, stack(0x00000003e6f20000,0x00000003e7020000)]
  0x00000003e5ae0000 JavaThread "container-0" [_thread_blocked, id=4628, stack(0x00000003e7020000,0x00000003e7120000)]
  0x00000003e5b49000 JavaThread "HikariPool-1 housekeeper" daemon [_thread_blocked, id=4368, stack(0x00000003e7320000,0x00000003e7420000)]
  0x00000003e5bfb800 JavaThread "HikariPool-1 connection adder" daemon [_thread_blocked, id=3620, stack(0x00000003e7620000,0x00000003e7720000)]
  0x00000003e5389800 JavaThread "NioBlockingSelector.BlockPoller-1" daemon [_thread_in_native, id=3536, stack(0x00000003ea8c0000,0x00000003ea9c0000)]
  0x00000003e5388000 JavaThread "http-nio-8080-exec-1" daemon [_thread_blocked, id=2064, stack(0x00000003ea9c0000,0x00000003eaac0000)]
  0x00000003e5389000 JavaThread "http-nio-8080-exec-2" daemon [_thread_blocked, id=4172, stack(0x00000003eaac0000,0x00000003eabc0000)]
  0x00000003e5387000 JavaThread "http-nio-8080-exec-3" daemon [_thread_blocked, id=3876, stack(0x00000003eabc0000,0x00000003eacc0000)]
  0x00000003e538b800 JavaThread "http-nio-8080-exec-4" daemon [_thread_blocked, id=1188, stack(0x00000003eacc0000,0x00000003eadc0000)]
  0x00000003e538c000 JavaThread "http-nio-8080-exec-5" daemon [_thread_blocked, id=3024, stack(0x00000003eadc0000,0x00000003eaec0000)]
  0x00000003e538d000 JavaThread "http-nio-8080-exec-6" daemon [_thread_blocked, id=4912, stack(0x00000003eaec0000,0x00000003eafc0000)]
  0x00000003e538a800 JavaThread "http-nio-8080-exec-7" daemon [_thread_blocked, id=2032, stack(0x00000003eafc0000,0x00000003eb0c0000)]
  0x00000003e538e000 JavaThread "http-nio-8080-exec-8" daemon [_thread_blocked, id=788, stack(0x00000003eb0c0000,0x00000003eb1c0000)]
  0x00000003e30bf800 JavaThread "http-nio-8080-exec-9" daemon [_thread_blocked, id=4312, stack(0x00000003eb1c0000,0x00000003eb2c0000)]
  0x00000003e30c1000 JavaThread "http-nio-8080-exec-10" daemon [_thread_blocked, id=236, stack(0x00000003eb2c0000,0x00000003eb3c0000)]
  0x00000003e30c0000 JavaThread "http-nio-8080-ClientPoller-0" daemon [_thread_in_native, id=3408, stack(0x00000003eb3c0000,0x00000003eb4c0000)]
  0x00000003e30c2800 JavaThread "http-nio-8080-ClientPoller-1" daemon [_thread_in_native, id=5844, stack(0x00000003eb4c0000,0x00000003eb5c0000)]
  0x00000003e30c4000 JavaThread "http-nio-8080-Acceptor-0" daemon [_thread_in_native, id=2960, stack(0x00000003eb5c0000,0x00000003eb6c0000)]

Other Threads:
  0x00000003e1589000 VMThread "VM Thread" [stack: 0x00000003e1e10000,0x00000003e1f10000] [id=5556]
  0x00000003e302c000 WatcherThread [stack: 0x00000003e3f50000,0x00000003e4050000] [id=4432]
  0x00000003c538c000 GCTaskThread "GC Thread#0" [stack: 0x00000003c4d00000,0x00000003c4e00000] [id=4228]
  0x00000003e305b800 GCTaskThread "GC Thread#1" [stack: 0x00000003e4050000,0x00000003e4150000] [id=4952]
  0x00000003e3437000 GCTaskThread "GC Thread#2" [stack: 0x00000003e4d50000,0x00000003e4e50000] [id=2088]
  0x00000003e343d800 GCTaskThread "GC Thread#3" [stack: 0x00000003e4e50000,0x00000003e4f50000] [id=5700]
  0x00000003c53a5800 ConcurrentGCThread "G1 Main Marker" [stack: 0x00000003debd0000,0x00000003decd0000] [id=3272]
  0x00000003c53a8800 ConcurrentGCThread "G1 Conc#0" [stack: 0x00000003decd0000,0x00000003dedd0000] [id=6104]
  0x00000003c5401800 ConcurrentGCThread "G1 Refine#0" [stack: 0x00000003e1210000,0x00000003e1310000] [id=184]
  0x00000003e2dcf800 ConcurrentGCThread "G1 Refine#1" [stack: 0x00000003e4150000,0x00000003e4250000] [id=4032]
  0x00000003c5404000 ConcurrentGCThread "G1 Young RemSet Sampling" [stack: 0x00000003e1310000,0x00000003e1410000] [id=2824]

Threads with active compile tasks:

VM state:not at safepoint (normal execution)

VM Mutex/Monitor currently owned by a thread: None

Heap address: 0x00000000c1600000, size: 1002 MB, Compressed Oops mode: 32-bit
Narrow klass base: 0x0000000000000000, Narrow klass shift: 3
Compressed class space size: 1073741824 Address: 0x0000000100000000

Heap:
 garbage-first heap   total 118784K, used 54529K [0x00000000c1600000, 0x0000000100000000)
  region size 1024K, 31 young (31744K), 7 survivors (7168K)
 Metaspace       used 61819K, capacity 63306K, committed 63556K, reserved 1103872K
  class space    used 8109K, capacity 8737K, committed 8856K, reserved 1048576K
Heap Regions: E=young(eden), S=young(survivor), O=old, HS=humongous(starts), HC=humongous(continues), CS=collection set, F=free, A=archive, TAMS=top-at-mark-start (previous, next)
|   0|0x00000000c1600000, 0x00000000c1700000, 0x00000000c1700000|100%|HS|  |TAMS 0x00000000c1700000, 0x00000000c1600000| Complete 
|   1|0x00000000c1700000, 0x00000000c1800000, 0x00000000c1800000|100%| O|  |TAMS 0x00000000c1800000, 0x00000000c1700000| Untracked 
|   2|0x00000000c1800000, 0x00000000c1900000, 0x00000000c1900000|100%| O|  |TAMS 0x00000000c1900000, 0x00000000c1800000| Untracked 
|   3|0x00000000c1900000, 0x00000000c1a00000, 0x00000000c1a00000|100%| O|  |TAMS 0x00000000c1a00000, 0x00000000c1900000| Untracked 
|   4|0x00000000c1a00000, 0x00000000c1b00000, 0x00000000c1b00000|100%| O|  |TAMS 0x00000000c1b00000, 0x00000000c1a00000| Untracked 
|   5|0x00000000c1b00000, 0x00000000c1c00000, 0x00000000c1c00000|100%| O|  |TAMS 0x00000000c1c00000, 0x00000000c1b00000| Untracked 
|   6|0x00000000c1c00000, 0x00000000c1d00000, 0x00000000c1d00000|100%| O|  |TAMS 0x00000000c1d00000, 0x00000000c1c00000| Untracked 
|   7|0x00000000c1d00000, 0x00000000c1e00000, 0x00000000c1e00000|100%| O|  |TAMS 0x00000000c1e00000, 0x00000000c1d00000| Untracked 
|   8|0x00000000c1e00000, 0x00000000c1f00000, 0x00000000c1f00000|100%| O|  |TAMS 0x00000000c1f00000, 0x00000000c1e00000| Untracked 
|   9|0x00000000c1f00000, 0x00000000c2000000, 0x00000000c2000000|100%| O|  |TAMS 0x00000000c2000000, 0x00000000c1f00000| Untracked 
|  10|0x00000000c2000000, 0x00000000c2100000, 0x00000000c2100000|100%| O|  |TAMS 0x00000000c2100000, 0x00000000c2000000| Untracked 
|  11|0x00000000c2100000, 0x00000000c2200000, 0x00000000c2200000|100%| O|  |TAMS 0x00000000c2200000, 0x00000000c2100000| Untracked 
|  12|0x00000000c2200000, 0x00000000c2300000, 0x00000000c2300000|100%| O|  |TAMS 0x00000000c2300000, 0x00000000c2200000| Untracked 
|  13|0x00000000c2300000, 0x00000000c2400000, 0x00000000c2400000|100%| O|  |TAMS 0x00000000c2400000, 0x00000000c2300000| Untracked 
|  14|0x00000000c2400000, 0x00000000c2500000, 0x00000000c2500000|100%| O|  |TAMS 0x00000000c2500000, 0x00000000c2400000| Untracked 
|  15|0x00000000c2500000, 0x00000000c2600000, 0x00000000c2600000|100%| O|  |TAMS 0x00000000c2600000, 0x00000000c2500000| Untracked 
|  16|0x00000000c2600000, 0x00000000c2700000, 0x00000000c2700000|100%| O|  |TAMS 0x00000000c2700000, 0x00000000c2600000| Untracked 
|  17|0x00000000c2700000, 0x00000000c2800000, 0x00000000c2800000|100%| O|  |TAMS 0x00000000c2800000, 0x00000000c2700000| Untracked 
|  18|0x00000000c2800000, 0x00000000c2900000, 0x00000000c2900000|100%| O|  |TAMS 0x00000000c2900000, 0x00000000c2800000| Untracked 
|  19|0x00000000c2900000, 0x00000000c2a00000, 0x00000000c2a00000|100%| O|  |TAMS 0x00000000c2a00000, 0x00000000c2900000| Untracked 
|  20|0x00000000c2a00000, 0x00000000c2b00000, 0x00000000c2b00000|100%| O|  |TAMS 0x00000000c2b00000, 0x00000000c2a00000| Untracked 
|  21|0x00000000c2b00000, 0x00000000c2c00000, 0x00000000c2c00000|100%| O|  |TAMS 0x00000000c2b00000, 0x00000000c2b00000| Untracked 
|  22|0x00000000c2c00000, 0x00000000c2d00000, 0x00000000c2d00000|100%| O|  |TAMS 0x00000000c2c00000, 0x00000000c2c00000| Untracked 
|  23|0x00000000c2d00000, 0x00000000c2e00000, 0x00000000c2e00000|100%| O|  |TAMS 0x00000000c2d00000, 0x00000000c2d00000| Untracked 
|  24|0x00000000c2e00000, 0x00000000c2e07a00, 0x00000000c2f00000|  2%| O|  |TAMS 0x00000000c2e00000, 0x00000000c2e00000| Untracked 
|  25|0x00000000c2f00000, 0x00000000c2f00000, 0x00000000c3000000|  0%| F|  |TAMS 0x00000000c2f00000, 0x00000000c2f00000| Untracked 
|  26|0x00000000c3000000, 0x00000000c3000000, 0x00000000c3100000|  0%| F|  |TAMS 0x00000000c3000000, 0x00000000c3000000| Untracked 
|  27|0x00000000c3100000, 0x00000000c3100000, 0x00000000c3200000|  0%| F|  |TAMS 0x00000000c3100000, 0x00000000c3100000| Untracked 
|  28|0x00000000c3200000, 0x00000000c3200000, 0x00000000c3300000|  0%| F|  |TAMS 0x00000000c3200000, 0x00000000c3200000| Untracked 
|  29|0x00000000c3300000, 0x00000000c3300000, 0x00000000c3400000|  0%| F|  |TAMS 0x00000000c3300000, 0x00000000c3300000| Untracked 
|  30|0x00000000c3400000, 0x00000000c3400000, 0x00000000c3500000|  0%| F|  |TAMS 0x00000000c3400000, 0x00000000c3400000| Untracked 
|  31|0x00000000c3500000, 0x00000000c3500000, 0x00000000c3600000|  0%| F|  |TAMS 0x00000000c3500000, 0x00000000c3500000| Untracked 
|  32|0x00000000c3600000, 0x00000000c3600000, 0x00000000c3700000|  0%| F|  |TAMS 0x00000000c3600000, 0x00000000c3600000| Untracked 
|  33|0x00000000c3700000, 0x00000000c3700000, 0x00000000c3800000|  0%| F|  |TAMS 0x00000000c3700000, 0x00000000c3700000| Untracked 
|  34|0x00000000c3800000, 0x00000000c3800000, 0x00000000c3900000|  0%| F|  |TAMS 0x00000000c3800000, 0x00000000c3800000| Untracked 
|  35|0x00000000c3900000, 0x00000000c3900000, 0x00000000c3a00000|  0%| F|  |TAMS 0x00000000c3900000, 0x00000000c3900000| Untracked 
|  36|0x00000000c3a00000, 0x00000000c3a00000, 0x00000000c3b00000|  0%| F|  |TAMS 0x00000000c3a00000, 0x00000000c3a00000| Untracked 
|  37|0x00000000c3b00000, 0x00000000c3b00000, 0x00000000c3c00000|  0%| F|  |TAMS 0x00000000c3b00000, 0x00000000c3b00000| Untracked 
|  38|0x00000000c3c00000, 0x00000000c3c00000, 0x00000000c3d00000|  0%| F|  |TAMS 0x00000000c3c00000, 0x00000000c3c00000| Untracked 
|  39|0x00000000c3d00000, 0x00000000c3d00000, 0x00000000c3e00000|  0%| F|  |TAMS 0x00000000c3d00000, 0x00000000c3d00000| Untracked 
|  40|0x00000000c3e00000, 0x00000000c3e00000, 0x00000000c3f00000|  0%| F|  |TAMS 0x00000000c3e00000, 0x00000000c3e00000| Untracked 
|  41|0x00000000c3f00000, 0x00000000c3f00000, 0x00000000c4000000|  0%| F|  |TAMS 0x00000000c3f00000, 0x00000000c3f00000| Untracked 
|  42|0x00000000c4000000, 0x00000000c4000000, 0x00000000c4100000|  0%| F|  |TAMS 0x00000000c4000000, 0x00000000c4000000| Untracked 
|  43|0x00000000c4100000, 0x00000000c4100000, 0x00000000c4200000|  0%| F|  |TAMS 0x00000000c4100000, 0x00000000c4100000| Untracked 
|  44|0x00000000c4200000, 0x00000000c4200000, 0x00000000c4300000|  0%| F|  |TAMS 0x00000000c4200000, 0x00000000c4200000| Untracked 
|  45|0x00000000c4300000, 0x00000000c4300000, 0x00000000c4400000|  0%| F|  |TAMS 0x00000000c4300000, 0x00000000c4300000| Untracked 
|  46|0x00000000c4400000, 0x00000000c4400000, 0x00000000c4500000|  0%| F|  |TAMS 0x00000000c4400000, 0x00000000c4400000| Untracked 
|  47|0x00000000c4500000, 0x00000000c4538c18, 0x00000000c4600000| 22%| S|CS|TAMS 0x00000000c4500000, 0x00000000c4500000| Complete 
|  48|0x00000000c4600000, 0x00000000c4700000, 0x00000000c4700000|100%| S|CS|TAMS 0x00000000c4600000, 0x00000000c4600000| Complete 
|  49|0x00000000c4700000, 0x00000000c4800000, 0x00000000c4800000|100%| S|CS|TAMS 0x00000000c4700000, 0x00000000c4700000| Complete 
|  50|0x00000000c4800000, 0x00000000c4900000, 0x00000000c4900000|100%| S|CS|TAMS 0x00000000c4800000, 0x00000000c4800000| Complete 
|  51|0x00000000c4900000, 0x00000000c4a00000, 0x00000000c4a00000|100%| S|CS|TAMS 0x00000000c4900000, 0x00000000c4900000| Complete 
|  52|0x00000000c4a00000, 0x00000000c4b00000, 0x00000000c4b00000|100%| S|CS|TAMS 0x00000000c4a00000, 0x00000000c4a00000| Complete 
|  53|0x00000000c4b00000, 0x00000000c4c00000, 0x00000000c4c00000|100%| S|CS|TAMS 0x00000000c4b00000, 0x00000000c4b00000| Complete 
|  54|0x00000000c4c00000, 0x00000000c4c00000, 0x00000000c4d00000|  0%| F|  |TAMS 0x00000000c4c00000, 0x00000000c4c00000| Untracked 
|  55|0x00000000c4d00000, 0x00000000c4d00000, 0x00000000c4e00000|  0%| F|  |TAMS 0x00000000c4d00000, 0x00000000c4d00000| Untracked 
|  56|0x00000000c4e00000, 0x00000000c4e00000, 0x00000000c4f00000|  0%| F|  |TAMS 0x00000000c4e00000, 0x00000000c4e00000| Untracked 
|  57|0x00000000c4f00000, 0x00000000c4f00000, 0x00000000c5000000|  0%| F|  |TAMS 0x00000000c4f00000, 0x00000000c4f00000| Untracked 
|  58|0x00000000c5000000, 0x00000000c5000000, 0x00000000c5100000|  0%| F|  |TAMS 0x00000000c5000000, 0x00000000c5000000| Untracked 
|  59|0x00000000c5100000, 0x00000000c5100000, 0x00000000c5200000|  0%| F|  |TAMS 0x00000000c5100000, 0x00000000c5100000| Untracked 
|  60|0x00000000c5200000, 0x00000000c5200000, 0x00000000c5300000|  0%| F|  |TAMS 0x00000000c5200000, 0x00000000c5200000| Untracked 
|  61|0x00000000c5300000, 0x00000000c5300000, 0x00000000c5400000|  0%| F|  |TAMS 0x00000000c5300000, 0x00000000c5300000| Untracked 
|  62|0x00000000c5400000, 0x00000000c5400000, 0x00000000c5500000|  0%| F|  |TAMS 0x00000000c5400000, 0x00000000c5400000| Untracked 
|  63|0x00000000c5500000, 0x00000000c5500000, 0x00000000c5600000|  0%| F|  |TAMS 0x00000000c5500000, 0x00000000c5500000| Untracked 
|  64|0x00000000c5600000, 0x00000000c5600000, 0x00000000c5700000|  0%| F|  |TAMS 0x00000000c5600000, 0x00000000c5600000| Untracked 
|  65|0x00000000c5700000, 0x00000000c5700000, 0x00000000c5800000|  0%| F|  |TAMS 0x00000000c5700000, 0x00000000c5700000| Untracked 
|  66|0x00000000c5800000, 0x00000000c5800000, 0x00000000c5900000|  0%| F|  |TAMS 0x00000000c5800000, 0x00000000c5800000| Untracked 
|  67|0x00000000c5900000, 0x00000000c5900000, 0x00000000c5a00000|  0%| F|  |TAMS 0x00000000c5900000, 0x00000000c5900000| Untracked 
|  68|0x00000000c5a00000, 0x00000000c5a00000, 0x00000000c5b00000|  0%| F|  |TAMS 0x00000000c5a00000, 0x00000000c5a00000| Untracked 
|  69|0x00000000c5b00000, 0x00000000c5b00000, 0x00000000c5c00000|  0%| F|  |TAMS 0x00000000c5b00000, 0x00000000c5b00000| Untracked 
|  70|0x00000000c5c00000, 0x00000000c5c00000, 0x00000000c5d00000|  0%| F|  |TAMS 0x00000000c5c00000, 0x00000000c5c00000| Untracked 
|  71|0x00000000c5d00000, 0x00000000c5d00000, 0x00000000c5e00000|  0%| F|  |TAMS 0x00000000c5d00000, 0x00000000c5d00000| Untracked 
|  72|0x00000000c5e00000, 0x00000000c5e00000, 0x00000000c5f00000|  0%| F|  |TAMS 0x00000000c5e00000, 0x00000000c5e00000| Untracked 
|  73|0x00000000c5f00000, 0x00000000c5f00000, 0x00000000c6000000|  0%| F|  |TAMS 0x00000000c5f00000, 0x00000000c5f00000| Untracked 
|  74|0x00000000c6000000, 0x00000000c6000000, 0x00000000c6100000|  0%| F|  |TAMS 0x00000000c6000000, 0x00000000c6000000| Untracked 
|  75|0x00000000c6100000, 0x00000000c6100000, 0x00000000c6200000|  0%| F|  |TAMS 0x00000000c6100000, 0x00000000c6100000| Untracked 
|  76|0x00000000c6200000, 0x00000000c6200000, 0x00000000c6300000|  0%| F|  |TAMS 0x00000000c6200000, 0x00000000c6200000| Untracked 
|  77|0x00000000c6300000, 0x00000000c6300000, 0x00000000c6400000|  0%| F|  |TAMS 0x00000000c6300000, 0x00000000c6300000| Untracked 
|  78|0x00000000c6400000, 0x00000000c6400000, 0x00000000c6500000|  0%| F|  |TAMS 0x00000000c6400000, 0x00000000c6400000| Untracked 
|  79|0x00000000c6500000, 0x00000000c6500000, 0x00000000c6600000|  0%| F|  |TAMS 0x00000000c6500000, 0x00000000c6500000| Untracked 
|  80|0x00000000c6600000, 0x00000000c6600000, 0x00000000c6700000|  0%| F|  |TAMS 0x00000000c6600000, 0x00000000c6600000| Untracked 
|  81|0x00000000c6700000, 0x00000000c6700000, 0x00000000c6800000|  0%| F|  |TAMS 0x00000000c6700000, 0x00000000c6700000| Untracked 
|  82|0x00000000c6800000, 0x00000000c6800000, 0x00000000c6900000|  0%| F|  |TAMS 0x00000000c6800000, 0x00000000c6800000| Untracked 
|  83|0x00000000c6900000, 0x00000000c6900000, 0x00000000c6a00000|  0%| F|  |TAMS 0x00000000c6900000, 0x00000000c6900000| Untracked 
|  84|0x00000000c6a00000, 0x00000000c6a00000, 0x00000000c6b00000|  0%| F|  |TAMS 0x00000000c6a00000, 0x00000000c6a00000| Untracked 
|  85|0x00000000c6b00000, 0x00000000c6b00000, 0x00000000c6c00000|  0%| F|  |TAMS 0x00000000c6b00000, 0x00000000c6b00000| Untracked 
|  86|0x00000000c6c00000, 0x00000000c6c00000, 0x00000000c6d00000|  0%| F|  |TAMS 0x00000000c6c00000, 0x00000000c6c00000| Untracked 
|  87|0x00000000c6d00000, 0x00000000c6d00000, 0x00000000c6e00000|  0%| F|  |TAMS 0x00000000c6d00000, 0x00000000c6d00000| Untracked 
|  88|0x00000000c6e00000, 0x00000000c6e00000, 0x00000000c6f00000|  0%| F|  |TAMS 0x00000000c6e00000, 0x00000000c6e00000| Untracked 
|  89|0x00000000c6f00000, 0x00000000c6f00000, 0x00000000c7000000|  0%| F|  |TAMS 0x00000000c6f00000, 0x00000000c6f00000| Untracked 
|  90|0x00000000c7000000, 0x00000000c7000000, 0x00000000c7100000|  0%| F|  |TAMS 0x00000000c7000000, 0x00000000c7000000| Untracked 
|  91|0x00000000c7100000, 0x00000000c7100000, 0x00000000c7200000|  0%| F|  |TAMS 0x00000000c7100000, 0x00000000c7100000| Untracked 
|  92|0x00000000c7200000, 0x00000000c7280800, 0x00000000c7300000| 50%| E|  |TAMS 0x00000000c7200000, 0x00000000c7200000| Complete 
|  93|0x00000000c7300000, 0x00000000c7400000, 0x00000000c7400000|100%| E|CS|TAMS 0x00000000c7300000, 0x00000000c7300000| Complete 
|  94|0x00000000c7400000, 0x00000000c7500000, 0x00000000c7500000|100%| E|CS|TAMS 0x00000000c7400000, 0x00000000c7400000| Complete 
|  95|0x00000000c7500000, 0x00000000c7600000, 0x00000000c7600000|100%| E|CS|TAMS 0x00000000c7500000, 0x00000000c7500000| Complete 
|  96|0x00000000c7600000, 0x00000000c7700000, 0x00000000c7700000|100%| E|CS|TAMS 0x00000000c7600000, 0x00000000c7600000| Complete 
|  97|0x00000000c7700000, 0x00000000c7800000, 0x00000000c7800000|100%| E|CS|TAMS 0x00000000c7700000, 0x00000000c7700000| Complete 
|  98|0x00000000c7800000, 0x00000000c7900000, 0x00000000c7900000|100%| E|CS|TAMS 0x00000000c7800000, 0x00000000c7800000| Complete 
|  99|0x00000000c7900000, 0x00000000c7a00000, 0x00000000c7a00000|100%| E|CS|TAMS 0x00000000c7900000, 0x00000000c7900000| Complete 
| 100|0x00000000c7a00000, 0x00000000c7b00000, 0x00000000c7b00000|100%| E|CS|TAMS 0x00000000c7a00000, 0x00000000c7a00000| Complete 
| 101|0x00000000c7b00000, 0x00000000c7c00000, 0x00000000c7c00000|100%| E|CS|TAMS 0x00000000c7b00000, 0x00000000c7b00000| Complete 
| 102|0x00000000c7c00000, 0x00000000c7d00000, 0x00000000c7d00000|100%| E|CS|TAMS 0x00000000c7c00000, 0x00000000c7c00000| Complete 
| 103|0x00000000c7d00000, 0x00000000c7e00000, 0x00000000c7e00000|100%| E|CS|TAMS 0x00000000c7d00000, 0x00000000c7d00000| Complete 
| 104|0x00000000c7e00000, 0x00000000c7f00000, 0x00000000c7f00000|100%| E|CS|TAMS 0x00000000c7e00000, 0x00000000c7e00000| Complete 
| 105|0x00000000c7f00000, 0x00000000c8000000, 0x00000000c8000000|100%| E|CS|TAMS 0x00000000c7f00000, 0x00000000c7f00000| Complete 
| 106|0x00000000c8000000, 0x00000000c8100000, 0x00000000c8100000|100%| E|CS|TAMS 0x00000000c8000000, 0x00000000c8000000| Complete 
| 107|0x00000000c8100000, 0x00000000c8200000, 0x00000000c8200000|100%| E|CS|TAMS 0x00000000c8100000, 0x00000000c8100000| Complete 
| 108|0x00000000c8200000, 0x00000000c8300000, 0x00000000c8300000|100%| E|CS|TAMS 0x00000000c8200000, 0x00000000c8200000| Complete 
| 109|0x00000000c8300000, 0x00000000c8400000, 0x00000000c8400000|100%| E|CS|TAMS 0x00000000c8300000, 0x00000000c8300000| Complete 
| 110|0x00000000c8400000, 0x00000000c8500000, 0x00000000c8500000|100%| E|CS|TAMS 0x00000000c8400000, 0x00000000c8400000| Complete 
| 111|0x00000000c8500000, 0x00000000c8600000, 0x00000000c8600000|100%| E|CS|TAMS 0x00000000c8500000, 0x00000000c8500000| Complete 
| 112|0x00000000c8600000, 0x00000000c8700000, 0x00000000c8700000|100%| E|CS|TAMS 0x00000000c8600000, 0x00000000c8600000| Complete 
| 113|0x00000000c8700000, 0x00000000c8800000, 0x00000000c8800000|100%| E|CS|TAMS 0x00000000c8700000, 0x00000000c8700000| Complete 
| 114|0x00000000c8800000, 0x00000000c8900000, 0x00000000c8900000|100%| E|CS|TAMS 0x00000000c8800000, 0x00000000c8800000| Complete 
| 115|0x00000000c8900000, 0x00000000c8a00000, 0x00000000c8a00000|100%| E|CS|TAMS 0x00000000c8900000, 0x00000000c8900000| Complete 

Card table byte_map: [0x00000003dc870000,0x00000003dca70000] _byte_map_base: 0x00000003dc265000

Marking Bits (Prev, Next): (CMBitMap*) 0x00000003c53a0cc8, (CMBitMap*) 0x00000003c53a0d00
 Prev Bits: [0x00000003dcc70000, 0x00000003ddc18000)
 Next Bits: [0x00000003ddc20000, 0x00000003debc8000)

Polling page: 0x00000003c3140000

Metaspace:

Usage:
  Non-class:     53.29 MB capacity,    52.45 MB ( 98%) used,   673.38 KB (  1%) free+waste,   185.94 KB ( <1%) overhead. 
      Class:      8.53 MB capacity,     7.92 MB ( 93%) used,   538.08 KB (  6%) free+waste,    89.31 KB (  1%) overhead. 
       Both:     61.82 MB capacity,    60.37 MB ( 98%) used,     1.18 MB (  2%) free+waste,   275.25 KB ( <1%) overhead. 

Virtual space:
  Non-class space:       54.00 MB reserved,      53.42 MB ( 99%) committed 
      Class space:        1.00 GB reserved,       8.65 MB ( <1%) committed 
             Both:        1.05 GB reserved,      62.07 MB (  6%) committed 

Chunk freelists:
   Non-Class:  384 bytes
       Class:  3.88 KB
        Both:  4.25 KB

CodeHeap 'non-profiled nmethods': size=238912Kb used=9881Kb max_used=9881Kb free=229030Kb
 bounds [0x00000003cdd20000, 0x00000003ce6d0000, 0x00000003dc670000]
CodeHeap 'non-nmethods': size=6848Kb used=2388Kb max_used=2388Kb free=4459Kb
 bounds [0x00000003cd670000, 0x00000003cd8e0000, 0x00000003cdd20000]
 total_blobs=6281 nmethods=5601 adapters=573
 compilation: enabled
              stopped_count=0, restarted_count=0
 full_count=0

Compilation events (10 events):
Event: 6.295 Thread 0x00000003e308c000 nmethod 5611 0x00000003ce6bda10 code [0x00000003ce6bdbc0, 0x00000003ce6bdcd8]
Event: 6.297 Thread 0x00000003e2f94800 5612       1       java.lang.Class::asSubclass (22 bytes)
Event: 6.297 Thread 0x00000003e2f94800 nmethod 5612 0x00000003ce6bdd90 code [0x00000003ce6bdf60, 0x00000003ce6be190]
Event: 6.302 Thread 0x00000003e15e2800 nmethod 5610 0x00000003ce6be290 code [0x00000003ce6bee80, 0x00000003ce6c3370]
Event: 6.302 Thread 0x00000003e308c000 5613       1       org.h2.mvstore.ConcurrentArrayList::peekLast (22 bytes)
Event: 6.303 Thread 0x00000003e2f94800 5614       1       org.h2.mvstore.db.ValueDataType::compareValues (89 bytes)
Event: 6.303 Thread 0x00000003e308c000 nmethod 5613 0x00000003ce6c5510 code [0x00000003ce6c56c0, 0x00000003ce6c5818]
Event: 6.303 Thread 0x00000003e2f94800 nmethod 5614 0x00000003ce6c5910 code [0x00000003ce6c5ae0, 0x00000003ce6c5d80]
Event: 6.304 Thread 0x00000003e15e2800 5615       1       java.io.BufferedWriter::ensureOpen (18 bytes)
Event: 6.304 Thread 0x00000003e15e2800 nmethod 5615 0x00000003ce6c5e90 code [0x00000003ce6c6040, 0x00000003ce6c6210]

GC Heap History (10 events):
Event: 3.427 GC heap before
{Heap before GC invocations=12 (full 0):
 garbage-first heap   total 98304K, used 39936K [0x00000000c1600000, 0x0000000100000000)
  region size 1024K, 19 young (19456K), 2 survivors (2048K)
 Metaspace       used 42695K, capacity 43805K, committed 43948K, reserved 1087488K
  class space    used 5375K, capacity 5828K, committed 5888K, reserved 1048576K
}
Event: 3.431 GC heap after
{Heap after GC invocations=13 (full 0):
 garbage-first heap   total 98304K, used 23674K [0x00000000c1600000, 0x0000000100000000)
  region size 1024K, 3 young (3072K), 3 survivors (3072K)
 Metaspace       used 42695K, capacity 43805K, committed 43948K, reserved 1087488K
  class space    used 5375K, capacity 5828K, committed 5888K, reserved 1048576K
}
Event: 3.876 GC heap before
{Heap before GC invocations=14 (full 0):
 garbage-first heap   total 98304K, used 65658K [0x00000000c1600000, 0x0000000100000000)
  region size 1024K, 44 young (45056K), 3 survivors (3072K)
 Metaspace       used 48776K, capacity 49964K, committed 50244K, reserved 1093632K
  class space    used 6212K, capacity 6686K, committed 6808K, reserved 1048576K
}
Event: 3.884 GC heap after
{Heap after GC invocations=15 (full 0):
 garbage-first heap   total 98304K, used 24881K [0x00000000c1600000, 0x0000000100000000)
  region size 1024K, 4 young (4096K), 4 survivors (4096K)
 Metaspace       used 48776K, capacity 49964K, committed 50244K, reserved 1093632K
  class space    used 6212K, capacity 6686K, committed 6808K, reserved 1048576K
}
Event: 4.448 GC heap before
{Heap before GC invocations=16 (full 0):
 garbage-first heap   total 98304K, used 68913K [0x00000000c1600000, 0x0000000100000000)
  region size 1024K, 47 young (48128K), 4 survivors (4096K)
 Metaspace       used 53866K, capacity 55019K, committed 55108K, reserved 1097728K
  class space    used 7012K, capacity 7490K, committed 7576K, reserved 1048576K
}
Event: 4.457 GC heap after
{Heap after GC invocations=17 (full 0):
 garbage-first heap   total 118784K, used 26718K [0x00000000c1600000, 0x0000000100000000)
  region size 1024K, 4 young (4096K), 4 survivors (4096K)
 Metaspace       used 53866K, capacity 55019K, committed 55108K, reserved 1097728K
  class space    used 7012K, capacity 7490K, committed 7576K, reserved 1048576K
}
Event: 4.803 GC heap before
{Heap before GC invocations=17 (full 0):
 garbage-first heap   total 118784K, used 80990K [0x00000000c1600000, 0x0000000100000000)
  region size 1024K, 58 young (59392K), 4 survivors (4096K)
 Metaspace       used 56438K, capacity 57853K, committed 58052K, reserved 1099776K
  class space    used 7373K, capacity 7922K, committed 7960K, reserved 1048576K
}
Event: 4.811 GC heap after
{Heap after GC invocations=18 (full 0):
 garbage-first heap   total 118784K, used 28368K [0x00000000c1600000, 0x0000000100000000)
  region size 1024K, 6 young (6144K), 6 survivors (6144K)
 Metaspace       used 56438K, capacity 57853K, committed 58052K, reserved 1099776K
  class space    used 7373K, capacity 7922K, committed 7960K, reserved 1048576K
}
Event: 6.030 GC heap before
{Heap before GC invocations=18 (full 0):
 garbage-first heap   total 118784K, used 84688K [0x00000000c1600000, 0x0000000100000000)
  region size 1024K, 62 young (63488K), 6 survivors (6144K)
 Metaspace       used 59867K, capacity 61322K, committed 61380K, reserved 1101824K
  class space    used 7842K, capacity 8437K, committed 8472K, reserved 1048576K
}
Event: 6.042 GC heap after
{Heap after GC invocations=19 (full 0):
 garbage-first heap   total 118784K, used 30977K [0x00000000c1600000, 0x0000000100000000)
  region size 1024K, 7 young (7168K), 7 survivors (7168K)
 Metaspace       used 59867K, capacity 61322K, committed 61380K, reserved 1101824K
  class space    used 7842K, capacity 8437K, committed 8472K, reserved 1048576K
}

Deoptimization events (0 events):
No events

Classes redefined (0 events):
No events

Internal exceptions (10 events):
Event: 6.107 Thread 0x00000003c5376000 Exception <a 'java/lang/ClassNotFoundException'{0x00000000c85ed9f8}: org/springframework/beans/factory/InitializingBeanCustomizer> (0x00000000c85ed9f8) thrown at [t:/workspace/open/src/hotspot/share/classfile/systemDictionary.cpp, line 231]
Event: 6.218 Thread 0x00000003c5376000 Exception <a 'java/lang/NoSuchMethodError'{0x00000000c7902fe0}: java.lang.invoke.DirectMethodHandle$Holder.invokeSpecial(Ljava/lang/Object;Ljava/lang/Object;)V> (0x00000000c7902fe0) thrown at [t:/workspace/open/src/hotspot/share/interpreter/linkResolver.c
Event: 6.218 Thread 0x00000003c5376000 Exception <a 'java/lang/NoSuchMethodError'{0x00000000c7908a88}: java.lang.invoke.DirectMethodHandle$Holder.newInvokeSpecial(Ljava/lang/Object;I)Ljava/lang/Object;> (0x00000000c7908a88) thrown at [t:/workspace/open/src/hotspot/share/interpreter/linkResolve
Event: 6.228 Thread 0x00000003c5376000 Exception <a 'sun/nio/fs/WindowsException'{0x00000000c7972080}> (0x00000000c7972080) thrown at [t:/workspace/open/src/hotspot/share/prims/jni.cpp, line 615]
Event: 6.244 Thread 0x00000003c5376000 Exception <a 'java/lang/ClassNotFoundException'{0x00000000c772bb30}: java/lang/ObjectCustomizer> (0x00000000c772bb30) thrown at [t:/workspace/open/src/hotspot/share/classfile/systemDictionary.cpp, line 231]
Event: 6.245 Thread 0x00000003c5376000 Exception <a 'java/lang/ClassNotFoundException'{0x00000000c7739e48}: com/nano/videosite/models/UserCustomizer> (0x00000000c7739e48) thrown at [t:/workspace/open/src/hotspot/share/classfile/systemDictionary.cpp, line 231]
Event: 6.278 Thread 0x00000003c5376000 Exception <a 'java/lang/ClassNotFoundException'{0x00000000c75d6290}: java/lang/ObjectCustomizer> (0x00000000c75d6290) thrown at [t:/workspace/open/src/hotspot/share/classfile/systemDictionary.cpp, line 231]
Event: 6.279 Thread 0x00000003c5376000 Exception <a 'java/lang/ClassNotFoundException'{0x00000000c75e4618}: com/nano/videosite/models/VideoCustomizer> (0x00000000c75e4618) thrown at [t:/workspace/open/src/hotspot/share/classfile/systemDictionary.cpp, line 231]
Event: 6.288 Thread 0x00000003c5376000 Exception <a 'java/lang/ClassNotFoundException'{0x00000000c74610f0}: java/lang/ObjectCustomizer> (0x00000000c74610f0) thrown at [t:/workspace/open/src/hotspot/share/classfile/systemDictionary.cpp, line 231]
Event: 6.289 Thread 0x00000003c5376000 Exception <a 'java/lang/ClassNotFoundException'{0x00000000c746fe98}: com/nano/videosite/models/PlaylistCustomizer> (0x00000000c746fe98) thrown at [t:/workspace/open/src/hotspot/share/classfile/systemDictionary.cpp, line 231]

Events (10 events):
Event: 6.309 loading class com/xuggle/mediatool/IMediaListener
Event: 6.309 loading class com/xuggle/mediatool/IMediaListener done
Event: 6.309 loading class com/xuggle/mediatool/AMediaListenerMixin
Event: 6.309 loading class com/xuggle/mediatool/AMediaListenerMixin done
Event: 6.309 loading class com/xuggle/xuggler/IContainer$Type
Event: 6.309 loading class com/xuggle/xuggler/IContainer$Type done
Event: 6.309 loading class com/xuggle/xuggler/IContainer$Type$SwigNext
Event: 6.309 loading class com/xuggle/xuggler/IContainer$Type$SwigNext done
Event: 6.310 loading class com/xuggle/xuggler/IContainerFormat
Event: 6.310 loading class com/xuggle/xuggler/IContainerFormat done


Dynamic libraries:
0x00007ff755700000 - 0x00007ff755747000 	C:\Program Files\Java\jdk-11\bin\javaw.exe
0x00007ffe7c1f0000 - 0x00007ffe7c39c000 	C:\Windows\SYSTEM32\ntdll.dll
0x00007ffe7a040000 - 0x00007ffe7a17e000 	C:\Windows\system32\KERNEL32.DLL
0x00007ffe79700000 - 0x00007ffe79815000 	C:\Windows\system32\KERNELBASE.dll
0x00007ffe7bc00000 - 0x00007ffe7bcaa000 	C:\Windows\system32\ADVAPI32.dll
0x00007ffe7bcb0000 - 0x00007ffe7be27000 	C:\Windows\system32\USER32.dll
0x00007ffe768e0000 - 0x00007ffe76b5b000 	C:\Windows\WinSxS\amd64_microsoft.windows.common-controls_6595b64144ccf1df_6.0.9600.17415_none_6240486fecbd8abb\COMCTL32.dll
0x00007ffe71560000 - 0x00007ffe7156a000 	C:\Windows\SYSTEM32\VERSION.dll
0x00007ffe79dd0000 - 0x00007ffe79e7a000 	C:\Windows\system32\msvcrt.dll
0x00007ffe79b80000 - 0x00007ffe79bd9000 	C:\Windows\SYSTEM32\sechost.dll
0x00007ffe7a520000 - 0x00007ffe7a661000 	C:\Windows\system32\RPCRT4.dll
0x00007ffe7a3b0000 - 0x00007ffe7a501000 	C:\Windows\system32\GDI32.dll
0x00007ffe7bfd0000 - 0x00007ffe7c006000 	C:\Windows\system32\IMM32.DLL
0x00007ffe79a20000 - 0x00007ffe79b73000 	C:\Windows\system32\MSCTF.dll
0x00007ffe6fb90000 - 0x00007ffe6fba6000 	C:\Program Files\Java\jdk-11\bin\vcruntime140.dll
0x00007ffe70410000 - 0x00007ffe70414000 	C:\Program Files\Java\jdk-11\bin\api-ms-win-crt-runtime-l1-1-0.dll
0x00007ffe70260000 - 0x00007ffe70264000 	C:\Program Files\Java\jdk-11\bin\api-ms-win-crt-string-l1-1-0.dll
0x00007ffe6fb80000 - 0x00007ffe6fb83000 	C:\Program Files\Java\jdk-11\bin\api-ms-win-crt-heap-l1-1-0.dll
0x00007ffe6fb70000 - 0x00007ffe6fb74000 	C:\Program Files\Java\jdk-11\bin\api-ms-win-crt-stdio-l1-1-0.dll
0x00007ffe6fb60000 - 0x00007ffe6fb64000 	C:\Program Files\Java\jdk-11\bin\api-ms-win-crt-convert-l1-1-0.dll
0x00007ffe6f910000 - 0x00007ffe6fa06000 	C:\Program Files\Java\jdk-11\bin\ucrtbase.DLL
0x00007ffe6fab0000 - 0x00007ffe6fb5a000 	C:\Program Files\Java\jdk-11\bin\msvcp140.dll
0x00007ffe6faa0000 - 0x00007ffe6faa3000 	C:\Program Files\Java\jdk-11\bin\api-ms-win-crt-locale-l1-1-0.dll
0x00007ffe6fa90000 - 0x00007ffe6fa95000 	C:\Program Files\Java\jdk-11\bin\api-ms-win-crt-math-l1-1-0.dll
0x00007ffe6fa80000 - 0x00007ffe6fa85000 	C:\Program Files\Java\jdk-11\bin\api-ms-win-crt-multibyte-l1-1-0.dll
0x00007ffe6fa60000 - 0x00007ffe6fa63000 	C:\Program Files\Java\jdk-11\bin\api-ms-win-crt-time-l1-1-0.dll
0x00007ffe6fa50000 - 0x00007ffe6fa53000 	C:\Program Files\Java\jdk-11\bin\api-ms-win-crt-filesystem-l1-1-0.dll
0x00007ffe6fa40000 - 0x00007ffe6fa43000 	C:\Program Files\Java\jdk-11\bin\api-ms-win-crt-environment-l1-1-0.dll
0x00007ffe6fa30000 - 0x00007ffe6fa33000 	C:\Program Files\Java\jdk-11\bin\api-ms-win-crt-utility-l1-1-0.dll
0x00007ffe63390000 - 0x00007ffe63ed2000 	C:\Program Files\Java\jdk-11\bin\server\jvm.dll
0x00007ffe6f0d0000 - 0x00007ffe6f0d9000 	C:\Windows\SYSTEM32\WSOCK32.dll
0x00007ffe6f0a0000 - 0x00007ffe6f0c2000 	C:\Windows\SYSTEM32\WINMM.dll
0x00007ffe79d60000 - 0x00007ffe79d67000 	C:\Windows\system32\PSAPI.DLL
0x00007ffe79e90000 - 0x00007ffe79eea000 	C:\Windows\system32\WS2_32.dll
0x00007ffe6efb0000 - 0x00007ffe6efda000 	C:\Windows\SYSTEM32\WINMMBASE.dll
0x00007ffe7a510000 - 0x00007ffe7a519000 	C:\Windows\system32\NSI.dll
0x00007ffe79820000 - 0x00007ffe7986f000 	C:\Windows\SYSTEM32\cfgmgr32.dll
0x00007ffe78140000 - 0x00007ffe78168000 	C:\Windows\SYSTEM32\DEVOBJ.dll
0x00007ffe70ac0000 - 0x00007ffe70ad1000 	C:\Program Files\Java\jdk-11\bin\verify.dll
0x00007ffe6eab0000 - 0x00007ffe6ec3a000 	C:\Windows\SYSTEM32\DBGHELP.DLL
0x00007ffe70a30000 - 0x00007ffe70a59000 	C:\Program Files\Java\jdk-11\bin\java.dll
0x00007ffe70aa0000 - 0x00007ffe70ab6000 	C:\Program Files\Java\jdk-11\bin\zip.dll
0x00007ffe70b60000 - 0x00007ffe70b6a000 	C:\Program Files\Java\jdk-11\bin\jimage.dll
0x00007ffe7a6e0000 - 0x00007ffe7bbf9000 	C:\Windows\system32\SHELL32.dll
0x00007ffe7a180000 - 0x00007ffe7a391000 	C:\Windows\SYSTEM32\combase.dll
0x00007ffe79d70000 - 0x00007ffe79dc4000 	C:\Windows\system32\SHLWAPI.dll
0x00007ffe77700000 - 0x00007ffe777b2000 	C:\Windows\SYSTEM32\SHCORE.dll
0x00007ffe79340000 - 0x00007ffe79355000 	C:\Windows\SYSTEM32\profapi.dll
0x00007ffe70a10000 - 0x00007ffe70a29000 	C:\Program Files\Java\jdk-11\bin\net.dll
0x00007ffe71570000 - 0x00007ffe71639000 	C:\Windows\SYSTEM32\WINHTTP.dll
0x00007ffe78b50000 - 0x00007ffe78ba9000 	C:\Windows\system32\mswsock.dll
0x00007ffe709c0000 - 0x00007ffe709d3000 	C:\Program Files\Java\jdk-11\bin\nio.dll
0x00007ffe6fa70000 - 0x00007ffe6fa79000 	C:\Program Files\Java\jdk-11\bin\management.dll
0x00007ffe6fa10000 - 0x00007ffe6fa1c000 	C:\Program Files\Java\jdk-11\bin\management_ext.dll
0x00007ffe6ecc0000 - 0x00007ffe6ecd5000 	C:\Windows\system32\napinsp.dll
0x00007ffe6ece0000 - 0x00007ffe6ecfa000 	C:\Windows\system32\pnrpnsp.dll
0x00007ffe768c0000 - 0x00007ffe768db000 	C:\Windows\system32\NLAapi.dll
0x00007ffe78950000 - 0x00007ffe789f4000 	C:\Windows\SYSTEM32\DNSAPI.dll
0x00007ffe6ed00000 - 0x00007ffe6ed0d000 	C:\Windows\System32\winrnr.dll
0x00007ffe6ed10000 - 0x00007ffe6ed24000 	C:\Windows\system32\wshbth.dll
0x00007ffe6ff90000 - 0x00007ffe6ff9a000 	C:\Windows\System32\rasadhlp.dll
0x00007ffe749d0000 - 0x00007ffe749fa000 	C:\Windows\SYSTEM32\IPHLPAPI.DLL
0x00007ffe74a90000 - 0x00007ffe74a9a000 	C:\Windows\SYSTEM32\WINNSI.DLL
0x00007ffe74830000 - 0x00007ffe7489b000 	C:\Windows\System32\fwpuclnt.dll
0x00007ffe78c10000 - 0x00007ffe78c30000 	C:\Windows\SYSTEM32\CRYPTSP.dll
0x00007ffe787d0000 - 0x00007ffe78806000 	C:\Windows\system32\rsaenh.dll
0x00007ffe78ed0000 - 0x00007ffe78ef6000 	C:\Windows\SYSTEM32\bcrypt.dll
0x00007ffe788e0000 - 0x00007ffe78901000 	C:\Windows\SYSTEM32\USERENV.dll
0x00007ffe79210000 - 0x00007ffe79273000 	C:\Windows\system32\bcryptprimitives.dll
0x00007ffe79280000 - 0x00007ffe7928b000 	C:\Windows\SYSTEM32\CRYPTBASE.dll
0x00007ffe74570000 - 0x00007ffe74586000 	C:\Windows\SYSTEM32\dhcpcsvc6.DLL
0x00007ffe74550000 - 0x00007ffe7456a000 	C:\Windows\SYSTEM32\dhcpcsvc.DLL
0x000000006e740000 - 0x000000006fda5000 	C:\Users\Nano\AppData\Local\Temp\xuggle\xuggle16044845907427218917.dll
0x00007ffe6fea0000 - 0x00007ffe6feb7000 	C:\Windows\SYSTEM32\AVICAP32.dll
0x00007ffe7be30000 - 0x00007ffe7bfc4000 	C:\Windows\system32\ole32.dll
0x00007ffe6fc50000 - 0x00007ffe6fc79000 	C:\Windows\SYSTEM32\MSVFW32.dll

dbghelp: loaded successfully - version: 4.0.5 - missing functions: none
symbol engine: initialized successfully - sym options: 0x614 - pdb path: .;C:\Program Files\Java\jdk-11\bin;C:\Windows\SYSTEM32;C:\Windows\WinSxS\amd64_microsoft.windows.common-controls_6595b64144ccf1df_6.0.9600.17415_none_6240486fecbd8abb;C:\Program Files\Java\jdk-11\bin\server;C:\Users\Nano\AppData\Local\Temp\xuggle

VM Arguments:
jvm_args: -Dcom.sun.management.jmxremote -Dcom.sun.management.jmxremote.port=51604 -Dcom.sun.management.jmxremote.authenticate=false -Dcom.sun.management.jmxremote.ssl=false -Djava.rmi.server.hostname=localhost -Dspring.liveBeansView.mbeanDomain -Dspring.application.admin.enabled=true -Xverify:none -XX:TieredStopAtLevel=1 -Dfile.encoding=UTF-8 
java_command: com.nano.videosite.VideositeBackendApplication
java_class_path (initial): C:\Users\Nano\Desktop\my_work\videosite_project\videosite_backend\target\classes;C:\Users\Nano\.m2\repository\org\springframework\boot\spring-boot-starter-thymeleaf\2.1.3.RELEASE\spring-boot-starter-thymeleaf-2.1.3.RELEASE.jar;C:\Users\Nano\.m2\repository\org\springframework\boot\spring-boot-starter\2.1.3.RELEASE\spring-boot-starter-2.1.3.RELEASE.jar;C:\Users\Nano\.m2\repository\org\springframework\boot\spring-boot\2.1.3.RELEASE\spring-boot-2.1.3.RELEASE.jar;C:\Users\Nano\.m2\repository\org\springframework\boot\spring-boot-autoconfigure\2.1.3.RELEASE\spring-boot-autoconfigure-2.1.3.RELEASE.jar;C:\Users\Nano\.m2\repository\org\springframework\boot\spring-boot-starter-logging\2.1.3.RELEASE\spring-boot-starter-logging-2.1.3.RELEASE.jar;C:\Users\Nano\.m2\repository\ch\qos\logback\logback-classic\1.2.3\logback-classic-1.2.3.jar;C:\Users\Nano\.m2\repository\ch\qos\logback\logback-core\1.2.3\logback-core-1.2.3.jar;C:\Users\Nano\.m2\repository\org\apache\logging\log4j\log4j-to-slf4j\2.11.2\log4j-to-slf4j-2.11.2.jar;C:\Users\Nano\.m2\repository\org\apache\logging\log4j\log4j-api\2.11.2\log4j-api-2.11.2.jar;C:\Users\Nano\.m2\repository\org\slf4j\jul-to-slf4j\1.7.25\jul-to-slf4j-1.7.25.jar;C:\Users\Nano\.m2\repository\javax\annotation\javax.annotation-api\1.3.2\javax.annotation-api-1.3.2.jar;C:\Users\Nano\.m2\repository\org\yaml\snakeyaml\1.23\snakeyaml-1.23.jar;C:\Users\Nano\.m2\repository\org\thymeleaf\thymeleaf-spring5\3.0.11.RELEASE\thymeleaf-spring5-3.0.11.RELEASE.jar;C:\Users\Nano\.m2\repository\org\thymeleaf\thymeleaf\3.0.11.RELEASE\thymeleaf-3.0.11.RELEASE.jar;C:\Users\Nano\.m2\repository\org\attoparser\attoparser\2.0.5.RELEASE\attoparser-2.0.5.RELEASE.jar;C:\Users\Nano\.m2\repository\org\unbescape\unbescape\1.1.6.RELEASE\unbescape-1.1.6.RELEASE.jar;C:\Users\Nano\.m2\repository\org\slf4j\slf4j-api\1.7.25\slf4j-api-1.7.25.jar;C:\Users\Nano\.m2\repository\org\thymeleaf\extras\thymeleaf-extras-java8time\3.0.3.RELEASE\thymeleaf-extras-java8time
Launcher Type: SUN_STANDARD

[Global flags]
     bool BytecodeVerificationLocal                = false                                     {product} {command line}
     bool BytecodeVerificationRemote               = false                                     {product} {command line}
     intx CICompilerCount                          = 3                                         {product} {ergonomic}
     uint ConcGCThreads                            = 1                                         {product} {ergonomic}
     uint G1ConcRefinementThreads                  = 4                                         {product} {ergonomic}
   size_t G1HeapRegionSize                         = 1048576                                   {product} {ergonomic}
    uintx GCDrainStackTargetSize                   = 64                                        {product} {ergonomic}
   size_t InitialHeapSize                          = 67108864                                  {product} {ergonomic}
     bool ManagementServer                         = true                                      {product} {command line}
   size_t MarkStackSize                            = 4194304                                   {product} {ergonomic}
   size_t MaxHeapSize                              = 1050673152                                {product} {ergonomic}
   size_t MaxNewSize                               = 630194176                                 {product} {ergonomic}
   size_t MinHeapDeltaBytes                        = 1048576                                   {product} {ergonomic}
    uintx NonNMethodCodeHeapSize                   = 6973028                                {pd product} {ergonomic}
    uintx NonProfiledCodeHeapSize                  = 244685212                              {pd product} {ergonomic}
    uintx ProfiledCodeHeapSize                     = 0                                      {pd product} {ergonomic}
    uintx ReservedCodeCacheSize                    = 251658240                              {pd product} {ergonomic}
     bool SegmentedCodeCache                       = true                                      {product} {ergonomic}
     intx TieredStopAtLevel                        = 1                                         {product} {command line}
     bool UseCompressedClassPointers               = true                                 {lp64_product} {ergonomic}
     bool UseCompressedOops                        = true                                 {lp64_product} {ergonomic}
     bool UseG1GC                                  = true                                      {product} {ergonomic}
     bool UseLargePagesIndividualAllocation        = false                                  {pd product} {ergonomic}

Logging:
Log output configuration:
 #0: stdout all=warning uptime,level,tags
 #1: stderr all=off uptime,level,tags

Environment Variables:
JAVA_HOME=C:\Program Files\Java\jdk-11
PATH=C:/Program Files/Java/jdk-11/bin/server;C:/Program Files/Java/jdk-11/bin;C:\Program Files (x86)\Intel\iCLS Client\;C:\Program Files\Intel\iCLS Client\;C:\Windows\system32;C:\Windows;C:\Windows\System32\Wbem;C:\Windows\System32\WindowsPowerShell\v1.0\;C:\Program Files\Intel\Intel(R) Management Engine Components\DAL;C:\Program Files (x86)\Intel\Intel(R) Management Engine Components\DAL;C:\Program Files\Intel\Intel(R) Management Engine Components\IPT;C:\Program Files (x86)\Intel\Intel(R) Management Engine Components\IPT;C:\Gradle\gradle-4.10.2;C:\Program Files\Git\cmd;C:\Program Files\Java\jdk-11\bin;C:\Program Files\Git\mingw64\bin;C:\Program Files\apache-maven-3.5.4-bin\bin;C:\Program Files\CMake\bin;C:\Program Files\dotnet\;C:\Program Files\Microsoft SQL Server\130\Tools\Binn\;C:\Program Files\OpenSSL-Win64\bin;C:\Program Files\PuTTY\;C:\Program Files (x86)\nodejs\;C:\Program Files\apache-maven-3.5.4-bin\bin;C:\Users\Nano\AppData\Local\Google\Cloud SDK\google-cloud-sdk\bin;C:\Users\Nano\AppData\Roaming\npm;C:\Program Files\heroku\bin;C:\Users\Nano\eclipse\jee-2018-09\eclipse;
USERNAME=Nano
OS=Windows_NT
PROCESSOR_IDENTIFIER=Intel64 Family 6 Model 58 Stepping 9, GenuineIntel



---------------  S Y S T E M  ---------------

OS: Windows 8.1 , 64 bit Build 9600 (6.3.9600.17415)

CPU:total 4 (initial active 4) (2 cores per cpu, 2 threads per core) family 6 model 58 stepping 9, cmov, cx8, fxsr, mmx, sse, sse2, sse3, ssse3, sse4.1, sse4.2, popcnt, avx, aes, clmul, erms, ht, tsc, tscinvbit, tscinv

Memory: 4k page, system-wide physical 4002M (644M free)
TotalPageFile size 6306M (AvailPageFile size 1532M)
current process WorkingSet (physical memory assigned to process): 258M, peak: 258M
current process commit charge ("private bytes"): 299M, peak: 299M

vm_info: Java HotSpot(TM) 64-Bit Server VM (11+28) for windows-amd64 JRE (11+28), built on Aug 23 2018 03:03:59 by "mach5one" with MS VC++ 15.5 (VS2017)

END.
