#
# A fatal error has been detected by the Java Runtime Environment:
#
#  EXCEPTION_ACCESS_VIOLATION (0xc0000005) at pc=0x000000006ee76520, pid=1408, tid=4052
#
# JRE version: Java(TM) SE Runtime Environment (11.0+28) (build 11+28)
# Java VM: Java HotSpot(TM) 64-Bit Server VM (11+28, mixed mode, tiered, compressed oops, g1 gc, windows-amd64)
# Problematic frame:
# C  [xuggle16440342162347555049.dll+0x736520]
#
# No core dump will be written. Minidumps are not enabled by default on client versions of Windows
#
# If you would like to submit a bug report, please visit:
#   http://bugreport.java.com/bugreport/crash.jsp
# The crash happened outside the Java Virtual Machine in native code.
# See problematic frame for where to report the bug.
#

---------------  S U M M A R Y ------------

Command Line: -Dcom.sun.management.jmxremote -Dcom.sun.management.jmxremote.port=51595 -Dcom.sun.management.jmxremote.authenticate=false -Dcom.sun.management.jmxremote.ssl=false -Djava.rmi.server.hostname=localhost -Dspring.liveBeansView.mbeanDomain -Dspring.application.admin.enabled=true -Xverify:none -XX:TieredStopAtLevel=1 -Dfile.encoding=UTF-8 com.nano.videosite.VideositeBackendApplication

Host: Intel(R) Core(TM) i5-3210M CPU @ 2.50GHz, 4 cores, 3G,  Windows 8.1 , 64 bit Build 9600 (6.3.9600.17415)
Time: Thu Mar 14 20:58:20 2019 Korea Standard Time elapsed time: 21 seconds (0d 0h 0m 21s)

---------------  T H R E A D  ---------------

Current thread (0x000000fcf6866000):  JavaThread "main" [_thread_in_native, id=4052, stack(0x000000fcf5f10000,0x000000fcf6010000)]

Stack: [0x000000fcf5f10000,0x000000fcf6010000],  sp=0x000000fcf600de00,  free space=1015k
Native frames: (J=compiled Java code, j=interpreted, Vv=VM code, C=native code)
C  [xuggle16440342162347555049.dll+0x736520]

Java frames: (J=compiled Java code, j=interpreted, Vv=VM code)
j  com.xuggle.xuggler.XugglerJNI.IContainer_open__SWIG_1(JLcom/xuggle/xuggler/IContainer;Ljava/lang/String;IJLcom/xuggle/xuggler/IContainerFormat;ZZ)I+0
j  com.xuggle.xuggler.IContainer.open(Ljava/lang/String;Lcom/xuggle/xuggler/IContainer$Type;Lcom/xuggle/xuggler/IContainerFormat;ZZ)I+19
j  com.xuggle.mediatool.MediaReader.open()V+20
j  com.xuggle.mediatool.MediaReader.readPacket()Lcom/xuggle/xuggler/IError;+8
j  com.nano.videosite.thumbnails.VideoThumbnails.main(Ljava/lang/Long;Ljava/lang/Long;)V+99
j  com.nano.videosite.VideositeBackendApplication.lambda$0(Lcom/nano/videosite/storage/StorageService;[Ljava/lang/String;)V+204
j  com.nano.videosite.VideositeBackendApplication$$Lambda$753.run([Ljava/lang/String;)V+9
j  org.springframework.boot.SpringApplication.callRunner(Lorg/springframework/boot/CommandLineRunner;Lorg/springframework/boot/ApplicationArguments;)V+7
j  org.springframework.boot.SpringApplication.callRunners(Lorg/springframework/context/ApplicationContext;Lorg/springframework/boot/ApplicationArguments;)V+118
j  org.springframework.boot.SpringApplication.run([Ljava/lang/String;)Lorg/springframework/context/ConfigurableApplicationContext;+168
j  org.springframework.boot.SpringApplication.run([Ljava/lang/Class;[Ljava/lang/String;)Lorg/springframework/context/ConfigurableApplicationContext;+9
j  org.springframework.boot.SpringApplication.run(Ljava/lang/Class;[Ljava/lang/String;)Lorg/springframework/context/ConfigurableApplicationContext;+9
j  com.nano.videosite.VideositeBackendApplication.main([Ljava/lang/String;)V+3
v  ~StubRoutines::call_stub

siginfo: EXCEPTION_ACCESS_VIOLATION (0xc0000005), reading address 0xffffffffffffffff


Register to memory mapping:

RIP=0x000000006ee76520 xuggle16440342162347555049.dll
RAX=0x000000fc950757d0 points into unknown readable memory
RBX=0x000000fc9cb53630 points into unknown readable memory
RCX=0x000000fc950757d0 points into unknown readable memory
RDX=0x0000000000000009 is an unknown value
RSP=0x000000fcf600de00 is pointing into the stack for thread: 0x000000fcf6866000
RBP=0x000000fc95074f10 points into unknown readable memory
RSI=0x000000fc950767d0 points into unknown readable memory
RDI=0x0000000000000004 is an unknown value
R8 =0x000000006ee77580 xuggle16440342162347555049.dll
R9 =0x000000006ee76490 xuggle16440342162347555049.dll
R10=0x000000fc95054c90 points into unknown readable memory
R11=0x000000fc9506bdd0 points into unknown readable memory
R12=0x000000fc9506c5d0 points into unknown readable memory
R13=0x0000000000000004 is an unknown value
R14=0x0000000000000184 is an unknown value
R15=0x000000006fab8f20 xuggle16440342162347555049.dll


Registers:
RAX=0x000000fc950757d0, RBX=0x000000fc9cb53630, RCX=0x000000fc950757d0, RDX=0x0000000000000009
RSP=0x000000fcf600de00, RBP=0x000000fc95074f10, RSI=0x000000fc950767d0, RDI=0x0000000000000004
R8 =0x000000006ee77580, R9 =0x000000006ee76490, R10=0x000000fc95054c90, R11=0x000000fc9506bdd0
R12=0x000000fc9506c5d0, R13=0x0000000000000004, R14=0x0000000000000184, R15=0x000000006fab8f20
RIP=0x000000006ee76520, EFLAGS=0x0000000000010202

Top of Stack: (sp=0x000000fcf600de00)
0x000000fcf600de00:   000000006ee76665 000000006ee774c5
0x000000fcf600de10:   000000006ee77505 000000006ee77545
0x000000fcf600de20:   000000006ee77585 000000006ee79426
0x000000fcf600de30:   000000006fab8f20 000000fc950757d0
0x000000fcf600de40:   000000fc9cb55af0 000000fc80010a90
0x000000fcf600de50:   3fe0000000000000 0000000000000000
0x000000fcf600de60:   40c7760000000000 0000000000000000
0x000000fcf600de70:   3fe0000000000000 0000000000000001
0x000000fcf600de80:   000000fc9cb56af0 000000006ea45d24
0x000000fcf600de90:   3f40624dd2f1a9fc 0000000000000000
0x000000fcf600dea0:   0000000000000000 0000000000000000
0x000000fcf600deb0:   0000000000000000 0000000000000000
0x000000fcf600dec0:   000000fc9cb5f9f0 000000006fab7320
0x000000fcf600ded0:   0000000002000002 000000fc9cb53590
0x000000fcf600dee0:   0000000000000001 000000fc95074f10
0x000000fcf600def0:   000000fc95074f90 0000000000000000 

Instructions: (pc=0x000000006ee76520)
0x000000006ee76500:   c4 e3 5d 0c c0 55 c5 e4 5c c8 c5 e4 58 c0 c5 fc
0x000000006ee76510:   29 01 c5 fc 29 49 20 c3 0f 1f 84 00 00 00 00 00
0x000000006ee76520:   c5 fc 28 51 40 c5 fc 28 59 60 c5 ec 5c fb c5 ec
0x000000006ee76530:   58 d3 c5 c4 57 3d 26 41 84 00 c5 ec c6 df be c5 



---------------  P R O C E S S  ---------------

Threads class SMR info:
_java_thread_list=0x000000fc992ca800, length=30, elements={
0x000000fcf6866000, 0x000000fcffb46800, 0x000000fcffb4f800, 0x000000fc937a2800,
0x000000fcffb74800, 0x000000fcffb7d800, 0x000000fcffb8d000, 0x000000fcf6904000,
0x000000fc9393f000, 0x000000fc94497800, 0x000000fc9448c000, 0x000000fc94520800,
0x000000fc96ea4800, 0x000000fc96ea5000, 0x000000fc96f23800, 0x000000fc96acf000,
0x000000fc97309000, 0x000000fc97309800, 0x000000fc97308000, 0x000000fc97307800,
0x000000fc967d5800, 0x000000fc967d4800, 0x000000fc967d6800, 0x000000fc967d4000,
0x000000fc967d8000, 0x000000fc967d8800, 0x000000fc967d7000, 0x000000fc967d9800,
0x000000fc967dd000, 0x000000fc967dc000
}

Java Threads: ( => current thread )
=>0x000000fcf6866000 JavaThread "main" [_thread_in_native, id=4052, stack(0x000000fcf5f10000,0x000000fcf6010000)]
  0x000000fcffb46800 JavaThread "Reference Handler" daemon [_thread_blocked, id=5808, stack(0x000000fcffca0000,0x000000fcffda0000)]
  0x000000fcffb4f800 JavaThread "Finalizer" daemon [_thread_blocked, id=5564, stack(0x000000fcffda0000,0x000000fcffea0000)]
  0x000000fc937a2800 JavaThread "Signal Dispatcher" daemon [_thread_blocked, id=2188, stack(0x000000fc93b60000,0x000000fc93c60000)]
  0x000000fcffb74800 JavaThread "Attach Listener" daemon [_thread_blocked, id=4464, stack(0x000000fc93c60000,0x000000fc93d60000)]
  0x000000fcffb7d800 JavaThread "C1 CompilerThread0" daemon [_thread_blocked, id=1992, stack(0x000000fc93d60000,0x000000fc93e60000)]
  0x000000fcffb8d000 JavaThread "Sweeper thread" daemon [_thread_blocked, id=4216, stack(0x000000fc93e60000,0x000000fc93f60000)]
  0x000000fcf6904000 JavaThread "Common-Cleaner" daemon [_thread_blocked, id=1676, stack(0x000000fc93f60000,0x000000fc94060000)]
  0x000000fc9393f000 JavaThread "Service Thread" daemon [_thread_blocked, id=4136, stack(0x000000fc94060000,0x000000fc94160000)]
  0x000000fc94497800 JavaThread "RMI TCP Accept-0" daemon [_thread_in_native, id=1792, stack(0x000000fc94f40000,0x000000fc95040000)]
  0x000000fc9448c000 JavaThread "RMI TCP Accept-51595" daemon [_thread_in_native, id=5516, stack(0x000000fc95140000,0x000000fc95240000)]
  0x000000fc94520800 JavaThread "RMI TCP Accept-0" daemon [_thread_in_native, id=5444, stack(0x000000fc95440000,0x000000fc95540000)]
  0x000000fc96ea4800 JavaThread "Catalina-utility-1" [_thread_blocked, id=4756, stack(0x000000fc96040000,0x000000fc96140000)]
  0x000000fc96ea5000 JavaThread "Catalina-utility-2" [_thread_blocked, id=4736, stack(0x000000fc98510000,0x000000fc98610000)]
  0x000000fc96f23800 JavaThread "container-0" [_thread_blocked, id=3396, stack(0x000000fc98610000,0x000000fc98710000)]
  0x000000fc96acf000 JavaThread "HikariPool-1 housekeeper" daemon [_thread_blocked, id=4520, stack(0x000000fc98910000,0x000000fc98a10000)]
  0x000000fc97309000 JavaThread "NioBlockingSelector.BlockPoller-1" daemon [_thread_in_native, id=3580, stack(0x000000fc94960000,0x000000fc94a60000)]
  0x000000fc97309800 JavaThread "http-nio-8080-exec-1" daemon [_thread_blocked, id=4716, stack(0x000000fc98c10000,0x000000fc98d10000)]
  0x000000fc97308000 JavaThread "http-nio-8080-exec-2" daemon [_thread_blocked, id=4268, stack(0x000000fc9beb0000,0x000000fc9bfb0000)]
  0x000000fc97307800 JavaThread "http-nio-8080-exec-3" daemon [_thread_blocked, id=5852, stack(0x000000fc9bfb0000,0x000000fc9c0b0000)]
  0x000000fc967d5800 JavaThread "http-nio-8080-exec-4" daemon [_thread_blocked, id=2436, stack(0x000000fc9c0b0000,0x000000fc9c1b0000)]
  0x000000fc967d4800 JavaThread "http-nio-8080-exec-5" daemon [_thread_blocked, id=1660, stack(0x000000fc9c1b0000,0x000000fc9c2b0000)]
  0x000000fc967d6800 JavaThread "http-nio-8080-exec-6" daemon [_thread_blocked, id=5568, stack(0x000000fc9c2b0000,0x000000fc9c3b0000)]
  0x000000fc967d4000 JavaThread "http-nio-8080-exec-7" daemon [_thread_blocked, id=1824, stack(0x000000fc9c3b0000,0x000000fc9c4b0000)]
  0x000000fc967d8000 JavaThread "http-nio-8080-exec-8" daemon [_thread_blocked, id=3360, stack(0x000000fc9c4b0000,0x000000fc9c5b0000)]
  0x000000fc967d8800 JavaThread "http-nio-8080-exec-9" daemon [_thread_blocked, id=5548, stack(0x000000fc9c5b0000,0x000000fc9c6b0000)]
  0x000000fc967d7000 JavaThread "http-nio-8080-exec-10" daemon [_thread_blocked, id=3712, stack(0x000000fc9c6b0000,0x000000fc9c7b0000)]
  0x000000fc967d9800 JavaThread "http-nio-8080-ClientPoller-0" daemon [_thread_in_native, id=5456, stack(0x000000fc9c7b0000,0x000000fc9c8b0000)]
  0x000000fc967dd000 JavaThread "http-nio-8080-ClientPoller-1" daemon [_thread_in_native, id=4088, stack(0x000000fc9c8b0000,0x000000fc9c9b0000)]
  0x000000fc967dc000 JavaThread "http-nio-8080-Acceptor-0" daemon [_thread_in_native, id=4804, stack(0x000000fc9c9b0000,0x000000fc9cab0000)]

Other Threads:
  0x000000fcffb20000 VMThread "VM Thread" [stack: 0x000000fcffba0000,0x000000fcffca0000] [id=3412]
  0x000000fc94526000 WatcherThread [stack: 0x000000fc95540000,0x000000fc95640000] [id=1712]
  0x000000fcf687c000 GCTaskThread "GC Thread#0" [stack: 0x000000fcf61f0000,0x000000fcf62f0000] [id=4800]
  0x000000fc94544800 GCTaskThread "GC Thread#1" [stack: 0x000000fc95640000,0x000000fc95740000] [id=5384]
  0x000000fc94957800 GCTaskThread "GC Thread#2" [stack: 0x000000fc97310000,0x000000fc97410000] [id=4092]
  0x000000fc94958000 GCTaskThread "GC Thread#3" [stack: 0x000000fc97410000,0x000000fc97510000] [id=1820]
  0x000000fcf6897000 ConcurrentGCThread "G1 Main Marker" [stack: 0x000000fcff160000,0x000000fcff260000] [id=1264]
  0x000000fcf6898800 ConcurrentGCThread "G1 Conc#0" [stack: 0x000000fcff260000,0x000000fcff360000] [id=3468]
  0x000000fcf68f9800 ConcurrentGCThread "G1 Refine#0" [stack: 0x000000fcff7a0000,0x000000fcff8a0000] [id=5100]
  0x000000fc93b58000 ConcurrentGCThread "G1 Refine#1" [stack: 0x000000fc95740000,0x000000fc95840000] [id=3820]
  0x000000fc9446f800 ConcurrentGCThread "G1 Refine#2" [stack: 0x000000fc95840000,0x000000fc95940000] [id=5752]
  0x000000fcf68fd000 ConcurrentGCThread "G1 Young RemSet Sampling" [stack: 0x000000fcff8a0000,0x000000fcff9a0000] [id=5820]

Threads with active compile tasks:

VM state:not at safepoint (normal execution)

VM Mutex/Monitor currently owned by a thread: None

Heap address: 0x00000000c1600000, size: 1002 MB, Compressed Oops mode: 32-bit
Narrow klass base: 0x0000000000000000, Narrow klass shift: 3
Compressed class space size: 1073741824 Address: 0x0000000100000000

Heap:
 garbage-first heap   total 119808K, used 42562K [0x00000000c1600000, 0x0000000100000000)
  region size 1024K, 18 young (18432K), 7 survivors (7168K)
 Metaspace       used 61773K, capacity 63305K, committed 63536K, reserved 1103872K
  class space    used 8112K, capacity 8737K, committed 8800K, reserved 1048576K
Heap Regions: E=young(eden), S=young(survivor), O=old, HS=humongous(starts), HC=humongous(continues), CS=collection set, F=free, A=archive, TAMS=top-at-mark-start (previous, next)
|   0|0x00000000c1600000, 0x00000000c1700000, 0x00000000c1700000|100%|HS|  |TAMS 0x00000000c1700000, 0x00000000c1600000| Complete 
|   1|0x00000000c1700000, 0x00000000c1800000, 0x00000000c1800000|100%| O|  |TAMS 0x00000000c1800000, 0x00000000c1700000| Untracked 
|   2|0x00000000c1800000, 0x00000000c1900000, 0x00000000c1900000|100%| O|  |TAMS 0x00000000c1900000, 0x00000000c1800000| Untracked 
|   3|0x00000000c1900000, 0x00000000c1a00000, 0x00000000c1a00000|100%| O|  |TAMS 0x00000000c1a00000, 0x00000000c1900000| Untracked 
|   4|0x00000000c1a00000, 0x00000000c1b00000, 0x00000000c1b00000|100%| O|  |TAMS 0x00000000c1b00000, 0x00000000c1a00000| Untracked 
|   5|0x00000000c1b00000, 0x00000000c1c00000, 0x00000000c1c00000|100%| O|  |TAMS 0x00000000c1c00000, 0x00000000c1b00000| Untracked 
|   6|0x00000000c1c00000, 0x00000000c1d00000, 0x00000000c1d00000|100%| O|  |TAMS 0x00000000c1d00000, 0x00000000c1c00000| Untracked 
|   7|0x00000000c1d00000, 0x00000000c1e00000, 0x00000000c1e00000|100%| O|  |TAMS 0x00000000c1e00000, 0x00000000c1d00000| Untracked 
|   8|0x00000000c1e00000, 0x00000000c1f00000, 0x00000000c1f00000|100%| O|  |TAMS 0x00000000c1f00000, 0x00000000c1e00000| Untracked 
|   9|0x00000000c1f00000, 0x00000000c2000000, 0x00000000c2000000|100%| O|  |TAMS 0x00000000c2000000, 0x00000000c1f00000| Untracked 
|  10|0x00000000c2000000, 0x00000000c2100000, 0x00000000c2100000|100%| O|  |TAMS 0x00000000c2100000, 0x00000000c2000000| Untracked 
|  11|0x00000000c2100000, 0x00000000c2200000, 0x00000000c2200000|100%| O|  |TAMS 0x00000000c2200000, 0x00000000c2100000| Untracked 
|  12|0x00000000c2200000, 0x00000000c2300000, 0x00000000c2300000|100%| O|  |TAMS 0x00000000c2300000, 0x00000000c2200000| Untracked 
|  13|0x00000000c2300000, 0x00000000c2400000, 0x00000000c2400000|100%| O|  |TAMS 0x00000000c2400000, 0x00000000c2300000| Untracked 
|  14|0x00000000c2400000, 0x00000000c2500000, 0x00000000c2500000|100%| O|  |TAMS 0x00000000c2500000, 0x00000000c2400000| Untracked 
|  15|0x00000000c2500000, 0x00000000c2600000, 0x00000000c2600000|100%| O|  |TAMS 0x00000000c2600000, 0x00000000c2500000| Untracked 
|  16|0x00000000c2600000, 0x00000000c2700000, 0x00000000c2700000|100%| O|  |TAMS 0x00000000c2700000, 0x00000000c2600000| Untracked 
|  17|0x00000000c2700000, 0x00000000c2800000, 0x00000000c2800000|100%| O|  |TAMS 0x00000000c2800000, 0x00000000c2700000| Untracked 
|  18|0x00000000c2800000, 0x00000000c2900000, 0x00000000c2900000|100%| O|  |TAMS 0x00000000c2900000, 0x00000000c2800000| Untracked 
|  19|0x00000000c2900000, 0x00000000c2a00000, 0x00000000c2a00000|100%| O|  |TAMS 0x00000000c2a00000, 0x00000000c2900000| Untracked 
|  20|0x00000000c2a00000, 0x00000000c2b00000, 0x00000000c2b00000|100%| O|  |TAMS 0x00000000c2b00000, 0x00000000c2a00000| Untracked 
|  21|0x00000000c2b00000, 0x00000000c2c00000, 0x00000000c2c00000|100%| O|  |TAMS 0x00000000c2c00000, 0x00000000c2b00000| Untracked 
|  22|0x00000000c2c00000, 0x00000000c2d00000, 0x00000000c2d00000|100%| O|  |TAMS 0x00000000c2d00000, 0x00000000c2c00000| Untracked 
|  23|0x00000000c2d00000, 0x00000000c2e00000, 0x00000000c2e00000|100%| O|  |TAMS 0x00000000c2e00000, 0x00000000c2d00000| Untracked 
|  24|0x00000000c2e00000, 0x00000000c2e90800, 0x00000000c2f00000| 56%| O|  |TAMS 0x00000000c2e90800, 0x00000000c2e00000| Untracked 
|  25|0x00000000c2f00000, 0x00000000c2f00000, 0x00000000c3000000|  0%| F|  |TAMS 0x00000000c2f00000, 0x00000000c2f00000| Untracked 
|  26|0x00000000c3000000, 0x00000000c3000000, 0x00000000c3100000|  0%| F|  |TAMS 0x00000000c3000000, 0x00000000c3000000| Untracked 
|  27|0x00000000c3100000, 0x00000000c3100000, 0x00000000c3200000|  0%| F|  |TAMS 0x00000000c3100000, 0x00000000c3100000| Untracked 
|  28|0x00000000c3200000, 0x00000000c3200000, 0x00000000c3300000|  0%| F|  |TAMS 0x00000000c3200000, 0x00000000c3200000| Untracked 
|  29|0x00000000c3300000, 0x00000000c3300000, 0x00000000c3400000|  0%| F|  |TAMS 0x00000000c3300000, 0x00000000c3300000| Untracked 
|  30|0x00000000c3400000, 0x00000000c3400000, 0x00000000c3500000|  0%| F|  |TAMS 0x00000000c3400000, 0x00000000c3400000| Untracked 
|  31|0x00000000c3500000, 0x00000000c3500000, 0x00000000c3600000|  0%| F|  |TAMS 0x00000000c3500000, 0x00000000c3500000| Untracked 
|  32|0x00000000c3600000, 0x00000000c3600000, 0x00000000c3700000|  0%| F|  |TAMS 0x00000000c3600000, 0x00000000c3600000| Untracked 
|  33|0x00000000c3700000, 0x00000000c3700000, 0x00000000c3800000|  0%| F|  |TAMS 0x00000000c3700000, 0x00000000c3700000| Untracked 
|  34|0x00000000c3800000, 0x00000000c3800000, 0x00000000c3900000|  0%| F|  |TAMS 0x00000000c3800000, 0x00000000c3800000| Untracked 
|  35|0x00000000c3900000, 0x00000000c3900000, 0x00000000c3a00000|  0%| F|  |TAMS 0x00000000c3900000, 0x00000000c3900000| Untracked 
|  36|0x00000000c3a00000, 0x00000000c3a00000, 0x00000000c3b00000|  0%| F|  |TAMS 0x00000000c3a00000, 0x00000000c3a00000| Untracked 
|  37|0x00000000c3b00000, 0x00000000c3b00000, 0x00000000c3c00000|  0%| F|  |TAMS 0x00000000c3b00000, 0x00000000c3b00000| Untracked 
|  38|0x00000000c3c00000, 0x00000000c3c00000, 0x00000000c3d00000|  0%| F|  |TAMS 0x00000000c3c00000, 0x00000000c3c00000| Untracked 
|  39|0x00000000c3d00000, 0x00000000c3d00000, 0x00000000c3e00000|  0%| F|  |TAMS 0x00000000c3d00000, 0x00000000c3d00000| Untracked 
|  40|0x00000000c3e00000, 0x00000000c3e00000, 0x00000000c3f00000|  0%| F|  |TAMS 0x00000000c3e00000, 0x00000000c3e00000| Untracked 
|  41|0x00000000c3f00000, 0x00000000c3f00000, 0x00000000c4000000|  0%| F|  |TAMS 0x00000000c3f00000, 0x00000000c3f00000| Untracked 
|  42|0x00000000c4000000, 0x00000000c4000000, 0x00000000c4100000|  0%| F|  |TAMS 0x00000000c4000000, 0x00000000c4000000| Untracked 
|  43|0x00000000c4100000, 0x00000000c4100000, 0x00000000c4200000|  0%| F|  |TAMS 0x00000000c4100000, 0x00000000c4100000| Untracked 
|  44|0x00000000c4200000, 0x00000000c4200000, 0x00000000c4300000|  0%| F|  |TAMS 0x00000000c4200000, 0x00000000c4200000| Untracked 
|  45|0x00000000c4300000, 0x00000000c4300000, 0x00000000c4400000|  0%| F|  |TAMS 0x00000000c4300000, 0x00000000c4300000| Untracked 
|  46|0x00000000c4400000, 0x00000000c4500000, 0x00000000c4500000|100%| S|CS|TAMS 0x00000000c4400000, 0x00000000c4400000| Complete 
|  47|0x00000000c4500000, 0x00000000c4600000, 0x00000000c4600000|100%| S|CS|TAMS 0x00000000c4500000, 0x00000000c4500000| Complete 
|  48|0x00000000c4600000, 0x00000000c4700000, 0x00000000c4700000|100%| S|CS|TAMS 0x00000000c4600000, 0x00000000c4600000| Complete 
|  49|0x00000000c4700000, 0x00000000c4800000, 0x00000000c4800000|100%| S|CS|TAMS 0x00000000c4700000, 0x00000000c4700000| Complete 
|  50|0x00000000c4800000, 0x00000000c4900000, 0x00000000c4900000|100%| S|CS|TAMS 0x00000000c4800000, 0x00000000c4800000| Complete 
|  51|0x00000000c4900000, 0x00000000c4a00000, 0x00000000c4a00000|100%| S|CS|TAMS 0x00000000c4900000, 0x00000000c4900000| Complete 
|  52|0x00000000c4a00000, 0x00000000c4b00000, 0x00000000c4b00000|100%| S|CS|TAMS 0x00000000c4a00000, 0x00000000c4a00000| Complete 
|  53|0x00000000c4b00000, 0x00000000c4b00000, 0x00000000c4c00000|  0%| F|  |TAMS 0x00000000c4b00000, 0x00000000c4b00000| Untracked 
|  54|0x00000000c4c00000, 0x00000000c4c00000, 0x00000000c4d00000|  0%| F|  |TAMS 0x00000000c4c00000, 0x00000000c4c00000| Untracked 
|  55|0x00000000c4d00000, 0x00000000c4d00000, 0x00000000c4e00000|  0%| F|  |TAMS 0x00000000c4d00000, 0x00000000c4d00000| Untracked 
|  56|0x00000000c4e00000, 0x00000000c4e00000, 0x00000000c4f00000|  0%| F|  |TAMS 0x00000000c4e00000, 0x00000000c4e00000| Untracked 
|  57|0x00000000c4f00000, 0x00000000c4f00000, 0x00000000c5000000|  0%| F|  |TAMS 0x00000000c4f00000, 0x00000000c4f00000| Untracked 
|  58|0x00000000c5000000, 0x00000000c5000000, 0x00000000c5100000|  0%| F|  |TAMS 0x00000000c5000000, 0x00000000c5000000| Untracked 
|  59|0x00000000c5100000, 0x00000000c5100000, 0x00000000c5200000|  0%| F|  |TAMS 0x00000000c5100000, 0x00000000c5100000| Untracked 
|  60|0x00000000c5200000, 0x00000000c5200000, 0x00000000c5300000|  0%| F|  |TAMS 0x00000000c5200000, 0x00000000c5200000| Untracked 
|  61|0x00000000c5300000, 0x00000000c5300000, 0x00000000c5400000|  0%| F|  |TAMS 0x00000000c5300000, 0x00000000c5300000| Untracked 
|  62|0x00000000c5400000, 0x00000000c5400000, 0x00000000c5500000|  0%| F|  |TAMS 0x00000000c5400000, 0x00000000c5400000| Untracked 
|  63|0x00000000c5500000, 0x00000000c5500000, 0x00000000c5600000|  0%| F|  |TAMS 0x00000000c5500000, 0x00000000c5500000| Untracked 
|  64|0x00000000c5600000, 0x00000000c5600000, 0x00000000c5700000|  0%| F|  |TAMS 0x00000000c5600000, 0x00000000c5600000| Untracked 
|  65|0x00000000c5700000, 0x00000000c5700000, 0x00000000c5800000|  0%| F|  |TAMS 0x00000000c5700000, 0x00000000c5700000| Untracked 
|  66|0x00000000c5800000, 0x00000000c5800000, 0x00000000c5900000|  0%| F|  |TAMS 0x00000000c5800000, 0x00000000c5800000| Untracked 
|  67|0x00000000c5900000, 0x00000000c5900000, 0x00000000c5a00000|  0%| F|  |TAMS 0x00000000c5900000, 0x00000000c5900000| Untracked 
|  68|0x00000000c5a00000, 0x00000000c5a00000, 0x00000000c5b00000|  0%| F|  |TAMS 0x00000000c5a00000, 0x00000000c5a00000| Untracked 
|  69|0x00000000c5b00000, 0x00000000c5b00000, 0x00000000c5c00000|  0%| F|  |TAMS 0x00000000c5b00000, 0x00000000c5b00000| Untracked 
|  70|0x00000000c5c00000, 0x00000000c5c00000, 0x00000000c5d00000|  0%| F|  |TAMS 0x00000000c5c00000, 0x00000000c5c00000| Untracked 
|  71|0x00000000c5d00000, 0x00000000c5d00000, 0x00000000c5e00000|  0%| F|  |TAMS 0x00000000c5d00000, 0x00000000c5d00000| Untracked 
|  72|0x00000000c5e00000, 0x00000000c5e00000, 0x00000000c5f00000|  0%| F|  |TAMS 0x00000000c5e00000, 0x00000000c5e00000| Untracked 
|  73|0x00000000c5f00000, 0x00000000c5f00000, 0x00000000c6000000|  0%| F|  |TAMS 0x00000000c5f00000, 0x00000000c5f00000| Untracked 
|  74|0x00000000c6000000, 0x00000000c6000000, 0x00000000c6100000|  0%| F|  |TAMS 0x00000000c6000000, 0x00000000c6000000| Untracked 
|  75|0x00000000c6100000, 0x00000000c6100000, 0x00000000c6200000|  0%| F|  |TAMS 0x00000000c6100000, 0x00000000c6100000| Untracked 
|  76|0x00000000c6200000, 0x00000000c6200000, 0x00000000c6300000|  0%| F|  |TAMS 0x00000000c6200000, 0x00000000c6200000| Untracked 
|  77|0x00000000c6300000, 0x00000000c6300000, 0x00000000c6400000|  0%| F|  |TAMS 0x00000000c6300000, 0x00000000c6300000| Untracked 
|  78|0x00000000c6400000, 0x00000000c6400000, 0x00000000c6500000|  0%| F|  |TAMS 0x00000000c6400000, 0x00000000c6400000| Untracked 
|  79|0x00000000c6500000, 0x00000000c6500000, 0x00000000c6600000|  0%| F|  |TAMS 0x00000000c6500000, 0x00000000c6500000| Untracked 
|  80|0x00000000c6600000, 0x00000000c6600000, 0x00000000c6700000|  0%| F|  |TAMS 0x00000000c6600000, 0x00000000c6600000| Untracked 
|  81|0x00000000c6700000, 0x00000000c6700000, 0x00000000c6800000|  0%| F|  |TAMS 0x00000000c6700000, 0x00000000c6700000| Untracked 
|  82|0x00000000c6800000, 0x00000000c6800000, 0x00000000c6900000|  0%| F|  |TAMS 0x00000000c6800000, 0x00000000c6800000| Untracked 
|  83|0x00000000c6900000, 0x00000000c6900000, 0x00000000c6a00000|  0%| F|  |TAMS 0x00000000c6900000, 0x00000000c6900000| Untracked 
|  84|0x00000000c6a00000, 0x00000000c6a00000, 0x00000000c6b00000|  0%| F|  |TAMS 0x00000000c6a00000, 0x00000000c6a00000| Untracked 
|  85|0x00000000c6b00000, 0x00000000c6b00000, 0x00000000c6c00000|  0%| F|  |TAMS 0x00000000c6b00000, 0x00000000c6b00000| Untracked 
|  86|0x00000000c6c00000, 0x00000000c6c00000, 0x00000000c6d00000|  0%| F|  |TAMS 0x00000000c6c00000, 0x00000000c6c00000| Untracked 
|  87|0x00000000c6d00000, 0x00000000c6d00000, 0x00000000c6e00000|  0%| F|  |TAMS 0x00000000c6d00000, 0x00000000c6d00000| Untracked 
|  88|0x00000000c6e00000, 0x00000000c6e00000, 0x00000000c6f00000|  0%| F|  |TAMS 0x00000000c6e00000, 0x00000000c6e00000| Untracked 
|  89|0x00000000c6f00000, 0x00000000c6f00000, 0x00000000c7000000|  0%| F|  |TAMS 0x00000000c6f00000, 0x00000000c6f00000| Untracked 
|  90|0x00000000c7000000, 0x00000000c7000000, 0x00000000c7100000|  0%| F|  |TAMS 0x00000000c7000000, 0x00000000c7000000| Untracked 
|  91|0x00000000c7100000, 0x00000000c7100000, 0x00000000c7200000|  0%| F|  |TAMS 0x00000000c7100000, 0x00000000c7100000| Untracked 
|  92|0x00000000c7200000, 0x00000000c7200000, 0x00000000c7300000|  0%| F|  |TAMS 0x00000000c7200000, 0x00000000c7200000| Untracked 
|  93|0x00000000c7300000, 0x00000000c7300000, 0x00000000c7400000|  0%| F|  |TAMS 0x00000000c7300000, 0x00000000c7300000| Untracked 
|  94|0x00000000c7400000, 0x00000000c7400000, 0x00000000c7500000|  0%| F|  |TAMS 0x00000000c7400000, 0x00000000c7400000| Untracked 
|  95|0x00000000c7500000, 0x00000000c7500000, 0x00000000c7600000|  0%| F|  |TAMS 0x00000000c7500000, 0x00000000c7500000| Untracked 
|  96|0x00000000c7600000, 0x00000000c7600000, 0x00000000c7700000|  0%| F|  |TAMS 0x00000000c7600000, 0x00000000c7600000| Untracked 
|  97|0x00000000c7700000, 0x00000000c7700000, 0x00000000c7800000|  0%| F|  |TAMS 0x00000000c7700000, 0x00000000c7700000| Untracked 
|  98|0x00000000c7800000, 0x00000000c7800000, 0x00000000c7900000|  0%| F|  |TAMS 0x00000000c7800000, 0x00000000c7800000| Untracked 
|  99|0x00000000c7900000, 0x00000000c7900000, 0x00000000c7a00000|  0%| F|  |TAMS 0x00000000c7900000, 0x00000000c7900000| Untracked 
| 100|0x00000000c7a00000, 0x00000000c7a00000, 0x00000000c7b00000|  0%| F|  |TAMS 0x00000000c7a00000, 0x00000000c7a00000| Untracked 
| 101|0x00000000c7b00000, 0x00000000c7b00000, 0x00000000c7c00000|  0%| F|  |TAMS 0x00000000c7b00000, 0x00000000c7b00000| Untracked 
| 102|0x00000000c7c00000, 0x00000000c7c00000, 0x00000000c7d00000|  0%| F|  |TAMS 0x00000000c7c00000, 0x00000000c7c00000| Untracked 
| 103|0x00000000c7d00000, 0x00000000c7d00000, 0x00000000c7e00000|  0%| F|  |TAMS 0x00000000c7d00000, 0x00000000c7d00000| Untracked 
| 104|0x00000000c7e00000, 0x00000000c7e00000, 0x00000000c7f00000|  0%| F|  |TAMS 0x00000000c7e00000, 0x00000000c7e00000| Untracked 
| 105|0x00000000c7f00000, 0x00000000c7f00000, 0x00000000c8000000|  0%| F|  |TAMS 0x00000000c7f00000, 0x00000000c7f00000| Untracked 
| 106|0x00000000c8000000, 0x00000000c8080b98, 0x00000000c8100000| 50%| E|  |TAMS 0x00000000c8000000, 0x00000000c8000000| Complete 
| 107|0x00000000c8100000, 0x00000000c8200000, 0x00000000c8200000|100%| E|CS|TAMS 0x00000000c8100000, 0x00000000c8100000| Complete 
| 108|0x00000000c8200000, 0x00000000c8300000, 0x00000000c8300000|100%| E|CS|TAMS 0x00000000c8200000, 0x00000000c8200000| Complete 
| 109|0x00000000c8300000, 0x00000000c8400000, 0x00000000c8400000|100%| E|CS|TAMS 0x00000000c8300000, 0x00000000c8300000| Complete 
| 110|0x00000000c8400000, 0x00000000c8500000, 0x00000000c8500000|100%| E|CS|TAMS 0x00000000c8400000, 0x00000000c8400000| Complete 
| 111|0x00000000c8500000, 0x00000000c8600000, 0x00000000c8600000|100%| E|CS|TAMS 0x00000000c8500000, 0x00000000c8500000| Complete 
| 112|0x00000000c8600000, 0x00000000c8700000, 0x00000000c8700000|100%| E|CS|TAMS 0x00000000c8600000, 0x00000000c8600000| Complete 
| 113|0x00000000c8700000, 0x00000000c8800000, 0x00000000c8800000|100%| E|CS|TAMS 0x00000000c8700000, 0x00000000c8700000| Complete 
| 114|0x00000000c8800000, 0x00000000c8900000, 0x00000000c8900000|100%| E|CS|TAMS 0x00000000c8800000, 0x00000000c8800000| Complete 
| 115|0x00000000c8900000, 0x00000000c8a00000, 0x00000000c8a00000|100%| E|CS|TAMS 0x00000000c8900000, 0x00000000c8900000| Complete 
| 116|0x00000000c8a00000, 0x00000000c8b00000, 0x00000000c8b00000|100%| E|CS|TAMS 0x00000000c8a00000, 0x00000000c8a00000| Complete 

Card table byte_map: [0x000000fcfed60000,0x000000fcfef60000] _byte_map_base: 0x000000fcfe755000

Marking Bits (Prev, Next): (CMBitMap*) 0x000000fcf6892898, (CMBitMap*) 0x000000fcf68928d0
 Prev Bits: [0x000000fc8f000000, 0x000000fc8ffa8000)
 Next Bits: [0x000000fc8ffb0000, 0x000000fc90f58000)

Polling page: 0x000000fcf4730000

Metaspace:

Usage:
  Non-class:     53.29 MB capacity,    52.40 MB ( 98%) used,   721.77 KB (  1%) free+waste,   185.88 KB ( <1%) overhead. 
      Class:      8.53 MB capacity,     7.92 MB ( 93%) used,   534.90 KB (  6%) free+waste,    89.31 KB (  1%) overhead. 
       Both:     61.82 MB capacity,    60.33 MB ( 98%) used,     1.23 MB (  2%) free+waste,   275.19 KB ( <1%) overhead. 

Virtual space:
  Non-class space:       54.00 MB reserved,      53.45 MB ( 99%) committed 
      Class space:        1.00 GB reserved,       8.59 MB ( <1%) committed 
             Both:        1.05 GB reserved,      62.05 MB (  6%) committed 

Chunk freelists:
   Non-Class:  5.00 KB
       Class:  3.88 KB
        Both:  8.88 KB

CodeHeap 'non-profiled nmethods': size=238912Kb used=9764Kb max_used=9764Kb free=229147Kb
 bounds [0x000000fc806b0000, 0x000000fc81040000, 0x000000fc8f000000]
CodeHeap 'non-nmethods': size=6848Kb used=1261Kb max_used=2380Kb free=5586Kb
 bounds [0x000000fc80000000, 0x000000fc80270000, 0x000000fc806b0000]
 total_blobs=6257 nmethods=5577 adapters=573
 compilation: enabled
              stopped_count=0, restarted_count=0
 full_count=0

Compilation events (10 events):
Event: 21.466 Thread 0x000000fcffb7d800 5587       1       java.util.IdentityHashMap::capacity (29 bytes)
Event: 21.466 Thread 0x000000fcffb7d800 nmethod 5587 0x000000fc81037610 code [0x000000fc810377c0, 0x000000fc81037930]
Event: 21.494 Thread 0x000000fcffb7d800 5588       1       org.h2.engine.Database::isMultiThreaded (5 bytes)
Event: 21.495 Thread 0x000000fcffb7d800 nmethod 5588 0x000000fc81037a10 code [0x000000fc81037bc0, 0x000000fc81037cd8]
Event: 21.497 Thread 0x000000fcffb7d800 5589       1       java.lang.Class::asSubclass (22 bytes)
Event: 21.497 Thread 0x000000fcffb7d800 nmethod 5589 0x000000fc81037d90 code [0x000000fc81037f60, 0x000000fc81038190]
Event: 21.504 Thread 0x000000fcffb7d800 5590       1       org.h2.mvstore.ConcurrentArrayList::peekLast (22 bytes)
Event: 21.504 Thread 0x000000fcffb7d800 nmethod 5590 0x000000fc81038290 code [0x000000fc81038440, 0x000000fc81038598]
Event: 21.504 Thread 0x000000fcffb7d800 5591       1       org.h2.mvstore.db.ValueDataType::compareValues (89 bytes)
Event: 21.505 Thread 0x000000fcffb7d800 nmethod 5591 0x000000fc81038690 code [0x000000fc81038860, 0x000000fc81038b00]

GC Heap History (10 events):
Event: 3.438 GC heap before
{Heap before GC invocations=13 (full 0):
 garbage-first heap   total 97280K, used 69286K [0x00000000c1600000, 0x0000000100000000)
  region size 1024K, 47 young (48128K), 1 survivors (1024K)
 Metaspace       used 43463K, capacity 44578K, committed 44752K, reserved 1087488K
  class space    used 5561K, capacity 6022K, committed 6144K, reserved 1048576K
}
Event: 3.444 GC heap after
{Heap after GC invocations=14 (full 0):
 garbage-first heap   total 97280K, used 23865K [0x00000000c1600000, 0x0000000100000000)
  region size 1024K, 3 young (3072K), 3 survivors (3072K)
 Metaspace       used 43463K, capacity 44578K, committed 44752K, reserved 1087488K
  class space    used 5561K, capacity 6022K, committed 6144K, reserved 1048576K
}
Event: 3.941 GC heap before
{Heap before GC invocations=14 (full 0):
 garbage-first heap   total 97280K, used 70969K [0x00000000c1600000, 0x0000000100000000)
  region size 1024K, 49 young (50176K), 3 survivors (3072K)
 Metaspace       used 50391K, capacity 51509K, committed 51792K, reserved 1093632K
  class space    used 6513K, capacity 6983K, committed 7040K, reserved 1048576K
}
Event: 3.948 GC heap after
{Heap after GC invocations=15 (full 0):
 garbage-first heap   total 97280K, used 25254K [0x00000000c1600000, 0x0000000100000000)
  region size 1024K, 4 young (4096K), 4 survivors (4096K)
 Metaspace       used 50391K, capacity 51509K, committed 51792K, reserved 1093632K
  class space    used 6513K, capacity 6983K, committed 7040K, reserved 1048576K
}
Event: 4.518 GC heap before
{Heap before GC invocations=15 (full 0):
 garbage-first heap   total 97280K, used 72358K [0x00000000c1600000, 0x0000000100000000)
  region size 1024K, 50 young (51200K), 4 survivors (4096K)
 Metaspace       used 55971K, capacity 57352K, committed 57552K, reserved 1099776K
  class space    used 7305K, capacity 7867K, committed 7936K, reserved 1048576K
}
Event: 4.528 GC heap after
{Heap after GC invocations=16 (full 0):
 garbage-first heap   total 119808K, used 27341K [0x00000000c1600000, 0x0000000100000000)
  region size 1024K, 6 young (6144K), 6 survivors (6144K)
 Metaspace       used 55971K, capacity 57352K, committed 57552K, reserved 1099776K
  class space    used 7305K, capacity 7867K, committed 7936K, reserved 1048576K
}
Event: 8.264 GC heap before
{Heap before GC invocations=16 (full 0):
 garbage-first heap   total 119808K, used 79565K [0x00000000c1600000, 0x0000000100000000)
  region size 1024K, 58 young (59392K), 6 survivors (6144K)
 Metaspace       used 56582K, capacity 57980K, committed 58064K, reserved 1099776K
  class space    used 7377K, capacity 7922K, committed 7936K, reserved 1048576K
}
Event: 8.277 GC heap after
{Heap after GC invocations=17 (full 0):
 garbage-first heap   total 119808K, used 28711K [0x00000000c1600000, 0x0000000100000000)
  region size 1024K, 5 young (5120K), 5 survivors (5120K)
 Metaspace       used 56582K, capacity 57980K, committed 58064K, reserved 1099776K
  class space    used 7377K, capacity 7922K, committed 7936K, reserved 1048576K
}
Event: 20.921 GC heap before
{Heap before GC invocations=17 (full 0):
 garbage-first heap   total 119808K, used 88103K [0x00000000c1600000, 0x0000000100000000)
  region size 1024K, 64 young (65536K), 5 survivors (5120K)
 Metaspace       used 60448K, capacity 61930K, committed 62000K, reserved 1103872K
  class space    used 7913K, capacity 8512K, committed 8544K, reserved 1048576K
}
Event: 20.934 GC heap after
{Heap after GC invocations=18 (full 0):
 garbage-first heap   total 119808K, used 32322K [0x00000000c1600000, 0x0000000100000000)
  region size 1024K, 7 young (7168K), 7 survivors (7168K)
 Metaspace       used 60448K, capacity 61930K, committed 62000K, reserved 1103872K
  class space    used 7913K, capacity 8512K, committed 8544K, reserved 1048576K
}

Deoptimization events (0 events):
No events

Classes redefined (0 events):
No events

Internal exceptions (10 events):
Event: 20.815 Thread 0x000000fcf6866000 Exception <a 'java/lang/ClassNotFoundException'{0x00000000c5708e58}: org/springframework/beans/factory/InitializingBeanCustomizer> (0x00000000c5708e58) thrown at [t:/workspace/open/src/hotspot/share/classfile/systemDictionary.cpp, line 231]
Event: 21.187 Thread 0x000000fcf6866000 Exception <a 'java/lang/NoSuchMethodError'{0x00000000c892a5a0}: java.lang.invoke.DirectMethodHandle$Holder.invokeSpecial(Ljava/lang/Object;Ljava/lang/Object;)V> (0x00000000c892a5a0) thrown at [t:/workspace/open/src/hotspot/share/interpreter/linkResolver.c
Event: 21.188 Thread 0x000000fcf6866000 Exception <a 'java/lang/NoSuchMethodError'{0x00000000c8930048}: java.lang.invoke.DirectMethodHandle$Holder.newInvokeSpecial(Ljava/lang/Object;I)Ljava/lang/Object;> (0x00000000c8930048) thrown at [t:/workspace/open/src/hotspot/share/interpreter/linkResolve
Event: 21.202 Thread 0x000000fcf6866000 Exception <a 'sun/nio/fs/WindowsException'{0x00000000c87ffd48}> (0x00000000c87ffd48) thrown at [t:/workspace/open/src/hotspot/share/prims/jni.cpp, line 615]
Event: 21.298 Thread 0x000000fcf6866000 Exception <a 'java/lang/ClassNotFoundException'{0x00000000c8539f80}: java/lang/ObjectCustomizer> (0x00000000c8539f80) thrown at [t:/workspace/open/src/hotspot/share/classfile/systemDictionary.cpp, line 231]
Event: 21.299 Thread 0x000000fcf6866000 Exception <a 'java/lang/ClassNotFoundException'{0x00000000c8548298}: com/nano/videosite/models/UserCustomizer> (0x00000000c8548298) thrown at [t:/workspace/open/src/hotspot/share/classfile/systemDictionary.cpp, line 231]
Event: 21.434 Thread 0x000000fcf6866000 Exception <a 'java/lang/ClassNotFoundException'{0x00000000c83e4bb8}: java/lang/ObjectCustomizer> (0x00000000c83e4bb8) thrown at [t:/workspace/open/src/hotspot/share/classfile/systemDictionary.cpp, line 231]
Event: 21.435 Thread 0x000000fcf6866000 Exception <a 'java/lang/ClassNotFoundException'{0x00000000c83f2f40}: com/nano/videosite/models/VideoCustomizer> (0x00000000c83f2f40) thrown at [t:/workspace/open/src/hotspot/share/classfile/systemDictionary.cpp, line 231]
Event: 21.464 Thread 0x000000fcf6866000 Exception <a 'java/lang/ClassNotFoundException'{0x00000000c826f9e0}: java/lang/ObjectCustomizer> (0x00000000c826f9e0) thrown at [t:/workspace/open/src/hotspot/share/classfile/systemDictionary.cpp, line 231]
Event: 21.464 Thread 0x000000fcf6866000 Exception <a 'java/lang/ClassNotFoundException'{0x00000000c827e788}: com/nano/videosite/models/PlaylistCustomizer> (0x00000000c827e788) thrown at [t:/workspace/open/src/hotspot/share/classfile/systemDictionary.cpp, line 231]

Events (10 events):
Event: 21.534 loading class com/xuggle/mediatool/IMediaListener
Event: 21.534 loading class com/xuggle/mediatool/IMediaListener done
Event: 21.534 loading class com/xuggle/mediatool/AMediaListenerMixin
Event: 21.534 loading class com/xuggle/mediatool/AMediaListenerMixin done
Event: 21.535 loading class com/xuggle/xuggler/IContainer$Type
Event: 21.535 loading class com/xuggle/xuggler/IContainer$Type done
Event: 21.535 loading class com/xuggle/xuggler/IContainer$Type$SwigNext
Event: 21.535 loading class com/xuggle/xuggler/IContainer$Type$SwigNext done
Event: 21.535 loading class com/xuggle/xuggler/IContainerFormat
Event: 21.535 loading class com/xuggle/xuggler/IContainerFormat done


Dynamic libraries:
0x00007ff755700000 - 0x00007ff755747000 	C:\Program Files\Java\jdk-11\bin\javaw.exe
0x00007ffe7c1f0000 - 0x00007ffe7c39c000 	C:\Windows\SYSTEM32\ntdll.dll
0x00007ffe7a040000 - 0x00007ffe7a17e000 	C:\Windows\system32\KERNEL32.DLL
0x00007ffe79700000 - 0x00007ffe79815000 	C:\Windows\system32\KERNELBASE.dll
0x00007ffe7bc00000 - 0x00007ffe7bcaa000 	C:\Windows\system32\ADVAPI32.dll
0x00007ffe7bcb0000 - 0x00007ffe7be27000 	C:\Windows\system32\USER32.dll
0x00007ffe768e0000 - 0x00007ffe76b5b000 	C:\Windows\WinSxS\amd64_microsoft.windows.common-controls_6595b64144ccf1df_6.0.9600.17415_none_6240486fecbd8abb\COMCTL32.dll
0x00007ffe71560000 - 0x00007ffe7156a000 	C:\Windows\SYSTEM32\VERSION.dll
0x00007ffe79dd0000 - 0x00007ffe79e7a000 	C:\Windows\system32\msvcrt.dll
0x00007ffe79b80000 - 0x00007ffe79bd9000 	C:\Windows\SYSTEM32\sechost.dll
0x00007ffe7a520000 - 0x00007ffe7a661000 	C:\Windows\system32\RPCRT4.dll
0x00007ffe7a3b0000 - 0x00007ffe7a501000 	C:\Windows\system32\GDI32.dll
0x00007ffe7bfd0000 - 0x00007ffe7c006000 	C:\Windows\system32\IMM32.DLL
0x00007ffe79a20000 - 0x00007ffe79b73000 	C:\Windows\system32\MSCTF.dll
0x00007ffe6fb90000 - 0x00007ffe6fba6000 	C:\Program Files\Java\jdk-11\bin\vcruntime140.dll
0x00007ffe70410000 - 0x00007ffe70414000 	C:\Program Files\Java\jdk-11\bin\api-ms-win-crt-runtime-l1-1-0.dll
0x00007ffe70260000 - 0x00007ffe70264000 	C:\Program Files\Java\jdk-11\bin\api-ms-win-crt-string-l1-1-0.dll
0x00007ffe6fb80000 - 0x00007ffe6fb83000 	C:\Program Files\Java\jdk-11\bin\api-ms-win-crt-heap-l1-1-0.dll
0x00007ffe6fb70000 - 0x00007ffe6fb74000 	C:\Program Files\Java\jdk-11\bin\api-ms-win-crt-stdio-l1-1-0.dll
0x00007ffe6fb60000 - 0x00007ffe6fb64000 	C:\Program Files\Java\jdk-11\bin\api-ms-win-crt-convert-l1-1-0.dll
0x00007ffe6f910000 - 0x00007ffe6fa06000 	C:\Program Files\Java\jdk-11\bin\ucrtbase.DLL
0x00007ffe6fab0000 - 0x00007ffe6fb5a000 	C:\Program Files\Java\jdk-11\bin\msvcp140.dll
0x00007ffe6faa0000 - 0x00007ffe6faa3000 	C:\Program Files\Java\jdk-11\bin\api-ms-win-crt-locale-l1-1-0.dll
0x00007ffe6fa90000 - 0x00007ffe6fa95000 	C:\Program Files\Java\jdk-11\bin\api-ms-win-crt-math-l1-1-0.dll
0x00007ffe6fa80000 - 0x00007ffe6fa85000 	C:\Program Files\Java\jdk-11\bin\api-ms-win-crt-multibyte-l1-1-0.dll
0x00007ffe6fa60000 - 0x00007ffe6fa63000 	C:\Program Files\Java\jdk-11\bin\api-ms-win-crt-time-l1-1-0.dll
0x00007ffe6fa50000 - 0x00007ffe6fa53000 	C:\Program Files\Java\jdk-11\bin\api-ms-win-crt-filesystem-l1-1-0.dll
0x00007ffe6fa40000 - 0x00007ffe6fa43000 	C:\Program Files\Java\jdk-11\bin\api-ms-win-crt-environment-l1-1-0.dll
0x00007ffe6fa30000 - 0x00007ffe6fa33000 	C:\Program Files\Java\jdk-11\bin\api-ms-win-crt-utility-l1-1-0.dll
0x00007ffe63390000 - 0x00007ffe63ed2000 	C:\Program Files\Java\jdk-11\bin\server\jvm.dll
0x00007ffe6f0d0000 - 0x00007ffe6f0d9000 	C:\Windows\SYSTEM32\WSOCK32.dll
0x00007ffe6f0a0000 - 0x00007ffe6f0c2000 	C:\Windows\SYSTEM32\WINMM.dll
0x00007ffe79d60000 - 0x00007ffe79d67000 	C:\Windows\system32\PSAPI.DLL
0x00007ffe79e90000 - 0x00007ffe79eea000 	C:\Windows\system32\WS2_32.dll
0x00007ffe6efb0000 - 0x00007ffe6efda000 	C:\Windows\SYSTEM32\WINMMBASE.dll
0x00007ffe7a510000 - 0x00007ffe7a519000 	C:\Windows\system32\NSI.dll
0x00007ffe79820000 - 0x00007ffe7986f000 	C:\Windows\SYSTEM32\cfgmgr32.dll
0x00007ffe78140000 - 0x00007ffe78168000 	C:\Windows\SYSTEM32\DEVOBJ.dll
0x00007ffe70ac0000 - 0x00007ffe70ad1000 	C:\Program Files\Java\jdk-11\bin\verify.dll
0x00007ffe6eab0000 - 0x00007ffe6ec3a000 	C:\Windows\SYSTEM32\DBGHELP.DLL
0x00007ffe70a30000 - 0x00007ffe70a59000 	C:\Program Files\Java\jdk-11\bin\java.dll
0x00007ffe70aa0000 - 0x00007ffe70ab6000 	C:\Program Files\Java\jdk-11\bin\zip.dll
0x00007ffe70b60000 - 0x00007ffe70b6a000 	C:\Program Files\Java\jdk-11\bin\jimage.dll
0x00007ffe7a6e0000 - 0x00007ffe7bbf9000 	C:\Windows\system32\SHELL32.dll
0x00007ffe7a180000 - 0x00007ffe7a391000 	C:\Windows\SYSTEM32\combase.dll
0x00007ffe79d70000 - 0x00007ffe79dc4000 	C:\Windows\system32\SHLWAPI.dll
0x00007ffe77700000 - 0x00007ffe777b2000 	C:\Windows\SYSTEM32\SHCORE.dll
0x00007ffe79340000 - 0x00007ffe79355000 	C:\Windows\SYSTEM32\profapi.dll
0x00007ffe70a10000 - 0x00007ffe70a29000 	C:\Program Files\Java\jdk-11\bin\net.dll
0x00007ffe71570000 - 0x00007ffe71639000 	C:\Windows\SYSTEM32\WINHTTP.dll
0x00007ffe78b50000 - 0x00007ffe78ba9000 	C:\Windows\system32\mswsock.dll
0x00007ffe709c0000 - 0x00007ffe709d3000 	C:\Program Files\Java\jdk-11\bin\nio.dll
0x00007ffe6fa70000 - 0x00007ffe6fa79000 	C:\Program Files\Java\jdk-11\bin\management.dll
0x00007ffe6fa10000 - 0x00007ffe6fa1c000 	C:\Program Files\Java\jdk-11\bin\management_ext.dll
0x00007ffe6ecc0000 - 0x00007ffe6ecd5000 	C:\Windows\system32\napinsp.dll
0x00007ffe6ece0000 - 0x00007ffe6ecfa000 	C:\Windows\system32\pnrpnsp.dll
0x00007ffe768c0000 - 0x00007ffe768db000 	C:\Windows\system32\NLAapi.dll
0x00007ffe78950000 - 0x00007ffe789f4000 	C:\Windows\SYSTEM32\DNSAPI.dll
0x00007ffe6ed00000 - 0x00007ffe6ed0d000 	C:\Windows\System32\winrnr.dll
0x00007ffe6ed10000 - 0x00007ffe6ed24000 	C:\Windows\system32\wshbth.dll
0x00007ffe6ff90000 - 0x00007ffe6ff9a000 	C:\Windows\System32\rasadhlp.dll
0x00007ffe749d0000 - 0x00007ffe749fa000 	C:\Windows\SYSTEM32\IPHLPAPI.DLL
0x00007ffe74a90000 - 0x00007ffe74a9a000 	C:\Windows\SYSTEM32\WINNSI.DLL
0x00007ffe74830000 - 0x00007ffe7489b000 	C:\Windows\System32\fwpuclnt.dll
0x00007ffe78c10000 - 0x00007ffe78c30000 	C:\Windows\SYSTEM32\CRYPTSP.dll
0x00007ffe787d0000 - 0x00007ffe78806000 	C:\Windows\system32\rsaenh.dll
0x00007ffe78ed0000 - 0x00007ffe78ef6000 	C:\Windows\SYSTEM32\bcrypt.dll
0x00007ffe788e0000 - 0x00007ffe78901000 	C:\Windows\SYSTEM32\USERENV.dll
0x00007ffe79210000 - 0x00007ffe79273000 	C:\Windows\system32\bcryptprimitives.dll
0x00007ffe79280000 - 0x00007ffe7928b000 	C:\Windows\SYSTEM32\CRYPTBASE.dll
0x00007ffe74570000 - 0x00007ffe74586000 	C:\Windows\SYSTEM32\dhcpcsvc6.DLL
0x00007ffe74550000 - 0x00007ffe7456a000 	C:\Windows\SYSTEM32\dhcpcsvc.DLL
0x000000006e740000 - 0x000000006fda5000 	C:\Users\Nano\AppData\Local\Temp\xuggle\xuggle16440342162347555049.dll
0x00007ffe6fc60000 - 0x00007ffe6fc77000 	C:\Windows\SYSTEM32\AVICAP32.dll
0x00007ffe7be30000 - 0x00007ffe7bfc4000 	C:\Windows\system32\ole32.dll
0x00007ffe6fc30000 - 0x00007ffe6fc59000 	C:\Windows\SYSTEM32\MSVFW32.dll

dbghelp: loaded successfully - version: 4.0.5 - missing functions: none
symbol engine: initialized successfully - sym options: 0x614 - pdb path: .;C:\Program Files\Java\jdk-11\bin;C:\Windows\SYSTEM32;C:\Windows\WinSxS\amd64_microsoft.windows.common-controls_6595b64144ccf1df_6.0.9600.17415_none_6240486fecbd8abb;C:\Program Files\Java\jdk-11\bin\server;C:\Users\Nano\AppData\Local\Temp\xuggle

VM Arguments:
jvm_args: -Dcom.sun.management.jmxremote -Dcom.sun.management.jmxremote.port=51595 -Dcom.sun.management.jmxremote.authenticate=false -Dcom.sun.management.jmxremote.ssl=false -Djava.rmi.server.hostname=localhost -Dspring.liveBeansView.mbeanDomain -Dspring.application.admin.enabled=true -Xverify:none -XX:TieredStopAtLevel=1 -Dfile.encoding=UTF-8 
java_command: com.nano.videosite.VideositeBackendApplication
java_class_path (initial): C:\Users\Nano\Desktop\my_work\videosite_project\videosite_backend\target\classes;C:\Users\Nano\.m2\repository\org\springframework\boot\spring-boot-starter-thymeleaf\2.1.3.RELEASE\spring-boot-starter-thymeleaf-2.1.3.RELEASE.jar;C:\Users\Nano\.m2\repository\org\springframework\boot\spring-boot-starter\2.1.3.RELEASE\spring-boot-starter-2.1.3.RELEASE.jar;C:\Users\Nano\.m2\repository\org\springframework\boot\spring-boot\2.1.3.RELEASE\spring-boot-2.1.3.RELEASE.jar;C:\Users\Nano\.m2\repository\org\springframework\boot\spring-boot-autoconfigure\2.1.3.RELEASE\spring-boot-autoconfigure-2.1.3.RELEASE.jar;C:\Users\Nano\.m2\repository\org\springframework\boot\spring-boot-starter-logging\2.1.3.RELEASE\spring-boot-starter-logging-2.1.3.RELEASE.jar;C:\Users\Nano\.m2\repository\ch\qos\logback\logback-classic\1.2.3\logback-classic-1.2.3.jar;C:\Users\Nano\.m2\repository\ch\qos\logback\logback-core\1.2.3\logback-core-1.2.3.jar;C:\Users\Nano\.m2\repository\org\apache\logging\log4j\log4j-to-slf4j\2.11.2\log4j-to-slf4j-2.11.2.jar;C:\Users\Nano\.m2\repository\org\apache\logging\log4j\log4j-api\2.11.2\log4j-api-2.11.2.jar;C:\Users\Nano\.m2\repository\org\slf4j\jul-to-slf4j\1.7.25\jul-to-slf4j-1.7.25.jar;C:\Users\Nano\.m2\repository\javax\annotation\javax.annotation-api\1.3.2\javax.annotation-api-1.3.2.jar;C:\Users\Nano\.m2\repository\org\yaml\snakeyaml\1.23\snakeyaml-1.23.jar;C:\Users\Nano\.m2\repository\org\thymeleaf\thymeleaf-spring5\3.0.11.RELEASE\thymeleaf-spring5-3.0.11.RELEASE.jar;C:\Users\Nano\.m2\repository\org\thymeleaf\thymeleaf\3.0.11.RELEASE\thymeleaf-3.0.11.RELEASE.jar;C:\Users\Nano\.m2\repository\org\attoparser\attoparser\2.0.5.RELEASE\attoparser-2.0.5.RELEASE.jar;C:\Users\Nano\.m2\repository\org\unbescape\unbescape\1.1.6.RELEASE\unbescape-1.1.6.RELEASE.jar;C:\Users\Nano\.m2\repository\org\slf4j\slf4j-api\1.7.25\slf4j-api-1.7.25.jar;C:\Users\Nano\.m2\repository\org\thymeleaf\extras\thymeleaf-extras-java8time\3.0.3.RELEASE\thymeleaf-extras-java8time
Launcher Type: SUN_STANDARD

[Global flags]
     bool BytecodeVerificationLocal                = false                                     {product} {command line}
     bool BytecodeVerificationRemote               = false                                     {product} {command line}
     intx CICompilerCount                          = 3                                         {product} {ergonomic}
     uint ConcGCThreads                            = 1                                         {product} {ergonomic}
     uint G1ConcRefinementThreads                  = 4                                         {product} {ergonomic}
   size_t G1HeapRegionSize                         = 1048576                                   {product} {ergonomic}
    uintx GCDrainStackTargetSize                   = 64                                        {product} {ergonomic}
   size_t InitialHeapSize                          = 67108864                                  {product} {ergonomic}
     bool ManagementServer                         = true                                      {product} {command line}
   size_t MarkStackSize                            = 4194304                                   {product} {ergonomic}
   size_t MaxHeapSize                              = 1050673152                                {product} {ergonomic}
   size_t MaxNewSize                               = 630194176                                 {product} {ergonomic}
   size_t MinHeapDeltaBytes                        = 1048576                                   {product} {ergonomic}
    uintx NonNMethodCodeHeapSize                   = 6973028                                {pd product} {ergonomic}
    uintx NonProfiledCodeHeapSize                  = 244685212                              {pd product} {ergonomic}
    uintx ProfiledCodeHeapSize                     = 0                                      {pd product} {ergonomic}
    uintx ReservedCodeCacheSize                    = 251658240                              {pd product} {ergonomic}
     bool SegmentedCodeCache                       = true                                      {product} {ergonomic}
     intx TieredStopAtLevel                        = 1                                         {product} {command line}
     bool UseCompressedClassPointers               = true                                 {lp64_product} {ergonomic}
     bool UseCompressedOops                        = true                                 {lp64_product} {ergonomic}
     bool UseG1GC                                  = true                                      {product} {ergonomic}
     bool UseLargePagesIndividualAllocation        = false                                  {pd product} {ergonomic}

Logging:
Log output configuration:
 #0: stdout all=warning uptime,level,tags
 #1: stderr all=off uptime,level,tags

Environment Variables:
JAVA_HOME=C:\Program Files\Java\jdk-11
PATH=C:/Program Files/Java/jdk-11/bin/server;C:/Program Files/Java/jdk-11/bin;C:\Program Files (x86)\Intel\iCLS Client\;C:\Program Files\Intel\iCLS Client\;C:\Windows\system32;C:\Windows;C:\Windows\System32\Wbem;C:\Windows\System32\WindowsPowerShell\v1.0\;C:\Program Files\Intel\Intel(R) Management Engine Components\DAL;C:\Program Files (x86)\Intel\Intel(R) Management Engine Components\DAL;C:\Program Files\Intel\Intel(R) Management Engine Components\IPT;C:\Program Files (x86)\Intel\Intel(R) Management Engine Components\IPT;C:\Gradle\gradle-4.10.2;C:\Program Files\Git\cmd;C:\Program Files\Java\jdk-11\bin;C:\Program Files\Git\mingw64\bin;C:\Program Files\apache-maven-3.5.4-bin\bin;C:\Program Files\CMake\bin;C:\Program Files\dotnet\;C:\Program Files\Microsoft SQL Server\130\Tools\Binn\;C:\Program Files\OpenSSL-Win64\bin;C:\Program Files\PuTTY\;C:\Program Files (x86)\nodejs\;C:\Program Files\apache-maven-3.5.4-bin\bin;C:\Users\Nano\AppData\Local\Google\Cloud SDK\google-cloud-sdk\bin;C:\Users\Nano\AppData\Roaming\npm;C:\Program Files\heroku\bin;C:\Users\Nano\eclipse\jee-2018-09\eclipse;
USERNAME=Nano
OS=Windows_NT
PROCESSOR_IDENTIFIER=Intel64 Family 6 Model 58 Stepping 9, GenuineIntel



---------------  S Y S T E M  ---------------

OS: Windows 8.1 , 64 bit Build 9600 (6.3.9600.17415)

CPU:total 4 (initial active 4) (2 cores per cpu, 2 threads per core) family 6 model 58 stepping 9, cmov, cx8, fxsr, mmx, sse, sse2, sse3, ssse3, sse4.1, sse4.2, popcnt, avx, aes, clmul, erms, ht, tsc, tscinvbit, tscinv

Memory: 4k page, system-wide physical 4002M (656M free)
TotalPageFile size 6306M (AvailPageFile size 1536M)
current process WorkingSet (physical memory assigned to process): 254M, peak: 254M
current process commit charge ("private bytes"): 299M, peak: 299M

vm_info: Java HotSpot(TM) 64-Bit Server VM (11+28) for windows-amd64 JRE (11+28), built on Aug 23 2018 03:03:59 by "mach5one" with MS VC++ 15.5 (VS2017)

END.
